
           ___      .______        ______  __    __  .______      
          /   \     |   _  \      /      ||  |  |  | |   _  \     
         /  ^  \    |  |_)  |    |  ,----'|  |__|  | |  |_)  |    
        /  /_\  \   |      /     |  |     |   __   | |      /     
       /  _____  \  |  |\  \\___ |  `----.|  |  |  | |  |\  \\___.
      /__/     \__\ | _| `._____| \______||__|  |__| | _| `._____|
    
Logging With ArchR!

Start Time : 2024-07-02 14:44:07

------- ArchR Info

ArchRThreads = 4
ArchRGenome = Hg38

------- System Info

Computer OS = unix
Total Cores = 10

------- Session Info

R version 4.2.2 (2022-10-31)
Platform: aarch64-apple-darwin20 (64-bit)
Running under: macOS 14.2.1

Matrix products: default
LAPACK: /Library/Frameworks/R.framework/Versions/4.2-arm64/Resources/lib/libRlapack.dylib

Random number generation:
 RNG:     L'Ecuyer-CMRG 
 Normal:  Inversion 
 Sample:  Rejection 
 
locale:
[1] en_US.UTF-8/en_US.UTF-8/en_US.UTF-8/C/en_US.UTF-8/en_US.UTF-8

attached base packages:
 [1] parallel  stats4    grid      stats     graphics  grDevices utils     datasets  methods   base     

other attached packages:
 [1] hexbin_1.28.3                     tidyr_1.3.0                       circlize_0.4.16                  
 [4] ComplexHeatmap_2.14.0             presto_1.0.0                      nabor_0.5.0                      
 [7] Rsamtools_2.14.0                  BSgenome.Hsapiens.UCSC.hg38_1.4.5 BSgenome_1.66.3                  
[10] rtracklayer_1.58.0                Biostrings_2.66.0                 XVector_0.38.0                   
[13] dplyr_1.1.3                       harmony_0.1.1                     Signac_1.10.0                    
[16] SeuratObject_4.1.3                Seurat_4.1.1.9001                 rhdf5_2.42.1                     
[19] SummarizedExperiment_1.28.0       Biobase_2.58.0                    MatrixGenerics_1.10.0            
[22] Rcpp_1.0.11                       Matrix_1.5-4.1                    GenomicRanges_1.50.2             
[25] GenomeInfoDb_1.34.9               IRanges_2.32.0                    S4Vectors_0.36.2                 
[28] BiocGenerics_0.44.0               matrixStats_1.0.0                 data.table_1.14.8                
[31] stringr_1.5.0                     plyr_1.8.8                        magrittr_2.0.3                   
[34] ggplot2_3.4.3                     gtable_0.3.4                      gtools_3.9.4                     
[37] gridExtra_2.3                     ArchR_1.0.2                      

loaded via a namespace (and not attached):
  [1] utf8_1.2.3               spatstat.explore_3.2-3   reticulate_1.32.0        tidyselect_1.2.0        
  [5] htmlwidgets_1.6.2        BiocParallel_1.32.6      Rtsne_0.16               munsell_0.5.0           
  [9] codetools_0.2-19         ragg_1.2.5               ica_1.0-3                future_1.33.0           
 [13] miniUI_0.1.1.1           withr_2.5.0              spatstat.random_3.1-6    colorspace_2.1-0        
 [17] progressr_0.14.0         knitr_1.44               rstudioapi_0.15.0        ROCR_1.0-11             
 [21] ggsignif_0.6.4           tensor_1.5               listenv_0.9.0            labeling_0.4.3          
 [25] GenomeInfoDbData_1.2.9   mnormt_2.1.1             polyclip_1.10-4          farver_2.1.1            
 [29] parallelly_1.36.0        vctrs_0.6.3              generics_0.1.3           xfun_0.40               
 [33] R6_2.5.1                 doParallel_1.0.17        clue_0.3-65              bitops_1.0-7            
 [37] rhdf5filters_1.10.1      spatstat.utils_3.0-3     DelayedArray_0.24.0      promises_1.2.1          
 [41] BiocIO_1.8.0             scales_1.2.1             Cairo_1.6-1              globals_0.16.2          
 [45] goftest_1.2-3            rlang_1.1.1              systemfonts_1.0.4        RcppRoll_0.3.0          
 [49] GlobalOptions_0.1.2      splines_4.2.2            rstatix_0.7.2            lazyeval_0.2.2          
 [53] broom_1.0.5              spatstat.geom_3.2-5      yaml_2.3.7               reshape2_1.4.4          
 [57] abind_1.4-5              backports_1.4.1          httpuv_1.6.11            tools_4.2.2             
 [61] psych_2.3.6              ellipsis_0.3.2           RColorBrewer_1.1-3       ggridges_0.5.4          
 [65] zlibbioc_1.44.0          purrr_1.0.2              RCurl_1.98-1.12          ggpubr_0.6.0            
 [69] deldir_1.0-9             GetoptLong_1.0.5         pbapply_1.7-2            cowplot_1.1.1           
 [73] zoo_1.8-12               ggrepel_0.9.3            cluster_2.1.4            RSpectra_0.16-1         
 [77] scattermore_1.2          lmtest_0.9-40            RANN_2.6.1               fitdistrplus_1.1-11     
 [81] patchwork_1.1.3          mime_0.12                evaluate_0.21            xtable_1.8-4            
 [85] XML_3.99-0.14            readxl_1.4.3             shape_1.4.6              fastDummies_1.7.3       
 [89] compiler_4.2.2           tibble_3.2.1             KernSmooth_2.23-22       crayon_1.5.2            
 [93] htmltools_0.5.6          later_1.3.1              MASS_7.3-60              car_3.1-2               
 [97] cli_3.6.1                igraph_1.5.1             pkgconfig_2.0.3          GenomicAlignments_1.34.1
[101] sp_2.0-0                 plotly_4.10.2            spatstat.sparse_3.0-2    foreach_1.5.2           
[105] digest_0.6.33            sctransform_0.3.5        RcppAnnoy_0.0.21         spatstat.data_3.0-1     
[109] rmarkdown_2.25           cellranger_1.1.0         leiden_0.4.3             fastmatch_1.1-4         
[113] uwot_0.1.16              restfulr_0.0.15          shiny_1.7.5              rjson_0.2.21            
[117] lifecycle_1.0.3          nlme_3.1-163             jsonlite_1.8.7           Rhdf5lib_1.20.0         
[121] carData_3.0-5            viridisLite_0.4.2        fansi_1.0.4              pillar_1.9.0            
[125] lattice_0.21-8           fastmap_1.1.1            httr_1.4.7               survival_3.5-7          
[129] glue_1.6.2               iterators_1.0.14         png_0.1-8                stringi_1.7.12          
[133] textshaping_0.3.6        RcppHNSW_0.5.0           irlba_2.3.5.1            future.apply_1.11.0     


------- Log Info


2024-07-02 14:44:08 : Input-Parameters, Class = list

Input-Parameters$: length = 1
                       
1 function (name)      
2 .Internal(args(name))


Input-Parameters$ArchRProj: length = 1

Input-Parameters$groupBy: length = 1
[1] "CLusters2"


Input-Parameters$useGroups: length = 1
[1] "CTRL"


Input-Parameters$bgdGroups: length = 1
[1] "KI36_3"


Input-Parameters$useMatrix: length = 1
[1] "GeneScoreMatrix"


Input-Parameters$bias: length = 2
[1] "TSSEnrichment" "log10(nFrags)"


Input-Parameters$normBy: length = 0
NULL


Input-Parameters$testMethod: length = 1
[1] "wilcoxon"


Input-Parameters$maxCells: length = 1
[1] 500


Input-Parameters$scaleTo: length = 1
[1] 10000


Input-Parameters$threads: length = 1
[1] 4


Input-Parameters$k: length = 1
[1] 100


Input-Parameters$bufferRatio: length = 1
[1] 0.8


Input-Parameters$binarize: length = 1
[1] FALSE


Input-Parameters$useSeqnames: length = 0
NULL


Input-Parameters$verbose: length = 1
[1] TRUE


Input-Parameters$logFile: length = 1
[1] "ArchRLogs/ArchR-getMarkerFeatures-5a369ea28f2-Date-2024-07-02_Time-14-44-07.log"


Input-Parameters$ArchRProj: length = 1

Input-Parameters$groupBy: length = 1
[1] "CLusters2"


Input-Parameters$useGroups: length = 1
[1] "CTRL"


Input-Parameters$bgdGroups: length = 1
[1] "KI36_3"


Input-Parameters$useMatrix: length = 1
[1] "GeneScoreMatrix"


Input-Parameters$bias: length = 2
[1] "TSSEnrichment" "log10(nFrags)"


Input-Parameters$normBy: length = 0
NULL


Input-Parameters$testMethod: length = 1
[1] "wilcoxon"


Input-Parameters$maxCells: length = 1
[1] 500


Input-Parameters$scaleTo: length = 1
[1] 10000


Input-Parameters$threads: length = 1
[1] 4


Input-Parameters$k: length = 1
[1] 100


Input-Parameters$bufferRatio: length = 1
[1] 0.8


Input-Parameters$binarize: length = 1
[1] FALSE


Input-Parameters$useSeqnames: length = 0
NULL


Input-Parameters$verbose: length = 1
[1] TRUE


Input-Parameters$logFile: length = 1
[1] "ArchRLogs/ArchR-getMarkerFeatures-5a369ea28f2-Date-2024-07-02_Time-14-44-07.log"



2024-07-02 14:44:08 : FeaturesPerSeqnames, Class = integer

FeaturesPerSeqnames: length = 2
[1]  327 2452



2024-07-02 14:44:08 : FeatureDF, Class = DFrame
DataFrame with 24919 rows and 6 columns
      seqnames     start       end  strand         name     idx
         <Rle>   <array>   <array> <array>      <array> <array>
1         chr1     69091     70008       1        OR4F5       1
2         chr1    140339    139790       2    LOC729737       2
3         chr1    629010    585990       2 LOC101928626       3
4         chr1    817371    819837       1       FAM87B       4
5         chr1    825138    859446       1    LINC01128       5
...        ...       ...       ...     ...          ...     ...
24915     chrX 155264589 155258241       2       RAB39B     952
24916     chrX 155334657 155276211       2        CLIC2     953
24917     chrX 155380787 155381134       1       H2AFB1     954
24918     chrX 155382115 155383230       1         F8A2     955
24919     chrX 155669944 155490115       2        TMLHE     956


2024-07-02 14:44:08 : MatrixClass = Sparse.Double.Matrix
2024-07-02 14:44:08 : Matching Known Biases, 0.001 mins elapsed.

2024-07-02 14:44:08 : MatchSummary CTRL, Class = list

MatchSummary CTRL$cells: length = 114
[1] 2181 4525 3618 3180 1086 2991


MatchSummary CTRL$bgd: length = 114
[1] 2167 4472 3600 3484 1200 3131


MatchSummary CTRL$summaryCells: nRows = 5, nCols = 3
              TSSEnrichment log10(nFrags)       name
median            11.137000     3.7191655 foreground
mean              11.648167     3.7326312 foreground
sd                 2.554015     0.1775189 foreground
lowerQuartile     10.017500     3.6266701 foreground
upperQuartile     13.244250     3.8558813 foreground


MatchSummary CTRL$summaryBgd: nRows = 5, nCols = 3
              TSSEnrichment log10(nFrags)       name
median             10.26450      3.975822 background
mean               10.43641      3.958644 background
sd                  2.14107      0.215930 background
lowerQuartile       9.00025      3.829531 background
upperQuartile      11.75350      4.121592 background


MatchSummary CTRL$bgdGroups: nRows = 2, nCols = 1
       KI36_3
estbgd    500
obsbgd    114


MatchSummary CTRL$bgdGroupsProbs: nRows = 2, nCols = 1
        KI36_3
estbgdP    100
obsbgdP    100


MatchSummary CTRL$corbgdGroups: length = 1
[1] NA


MatchSummary CTRL$n: length = 1
[1] 1244


MatchSummary CTRL$p: length = 1
[1] 1


MatchSummary CTRL$group: length = 1
[1] "CTRL"


MatchSummary CTRL$k: length = 1
[1] 100


2024-07-02 14:44:09 : Computing Pairwise Tests (1 of 1), 0.02 mins elapsed.

2024-07-02 14:44:09 : CTRL_cellsx, Class = character

CTRL_cellsx: length = 114
[1] "HEK#CCAGATAAGATCACCT-1" "HEK#TTAGGTGGTTCCATCC-1" "HEK#GAACCGCCATTCACGA-1" "HEK#CAGTGCGAGATACCAA-1"
[5] "HEK#GTCACAACAGTCAGCC-1" "HEK#TTGAGCACAGAAAGAG-1"



2024-07-02 14:44:09 : CTRL_bgdx, Class = character

CTRL_bgdx: length = 114
[1] "HEK#ACCATCCGTGTCCAGC-1" "HEK#TCAAGACAGTATGCTC-1" "HEK#CGCAGGTAGGTTACAA-1" "HEK#TGATGCATCTGACTTT-1"
[5] "HEK#TTGCGAACAAGTAACA-1" "HEK#CTTAATCCACAAACGG-1"



2024-07-02 14:44:09 : Pairwise Test CTRL : Seqnames chr1

2024-07-02 14:44:10 : CTRL_chr1_scMaty, Class = dgCMatrix
CTRL_chr1_scMaty: nRows = 2452, nCols = 228
CTRL_chr1_scMaty: NonZeroEntries = 156118, EntryRange = [ 0.049 , 63.237 ]
5 x 5 sparse Matrix of class "dgCMatrix"
     HEK#CCAGATAAGATCACCT-1 HEK#TTAGGTGGTTCCATCC-1 HEK#GAACCGCCATTCACGA-1 HEK#CAGTGCGAGATACCAA-1 HEK#GTCACAACAGTCAGCC-1
[1,]                      .                      .                      .                      .                      .
[2,]                      .                      .                      .                      .                      .
[3,]                      .                      .                      .                      .                      .
[4,]                      .                      .                      .                      .                      .
[5,]                      .                      .                      .                      .                      .



2024-07-02 14:44:10 : CTRL_chr1_diffResult, Class = data.frame
CTRL_chr1_diffResult: nRows = 2452, nCols = 8
   log2Mean     log2FC       fdr      pval      mean1     mean2   n       auc
f1 0.000000  0.0000000 1.0000000 1.0000000 0.00000000 0.0000000 114 0.5000000
f2 0.000000  0.0000000 1.0000000 1.0000000 0.00000000 0.0000000 114 0.5000000
f3 0.000000  0.0000000 1.0000000 1.0000000 0.00000000 0.0000000 114 0.5000000
f4 3.393002 -1.5599843 0.4303990 0.1518333 0.03790344 0.1288507 114 0.4824561
f5 4.363872 -0.4026811 0.4012604 0.1353354 0.14679823 0.1968860 114 0.4640659
f6 5.452283 -0.2834006 0.5836770 0.2906483 0.33768419 0.4128860 114 0.4742613



2024-07-02 14:44:10 : Pairwise Test CTRL : Seqnames chr10

2024-07-02 14:44:10 : CTRL_chr10_scMaty, Class = dgCMatrix
CTRL_chr10_scMaty: nRows = 970, nCols = 228
CTRL_chr10_scMaty: NonZeroEntries = 71062, EntryRange = [ 0.061 , 21.035 ]
5 x 5 sparse Matrix of class "dgCMatrix"
     HEK#CCAGATAAGATCACCT-1 HEK#TTAGGTGGTTCCATCC-1 HEK#GAACCGCCATTCACGA-1 HEK#CAGTGCGAGATACCAA-1 HEK#GTCACAACAGTCAGCC-1
[1,]                  .                          .                  .                          .                  .    
[2,]                  .                          .                  1.423                      .                  .    
[3,]                  1.601                      .                  2.568                      .                  0.515
[4,]                  .                          .                  .                          .                  .    
[5,]                  0.392                      .                  .                          .                  0.252



2024-07-02 14:44:10 : CTRL_chr10_diffResult, Class = data.frame
CTRL_chr10_diffResult: nRows = 970, nCols = 8
      log2Mean      log2FC          fdr         pval      mean1     mean2   n       auc
f2453 4.317558 -1.75472284 4.479067e-06 1.847038e-07 0.07119303 0.2610790 114 0.3611111
f2454 5.924657 -1.47120761 5.169385e-08 5.862189e-10 0.27371015 0.7744206 114 0.2840874
f2455 7.555110 -0.54173778 8.761308e-03 2.520020e-03 1.33479796 1.9470963 114 0.3851570
f2456 4.141800  0.09556965 7.987183e-01 7.591941e-01 0.15120138 0.1409475 114 0.4959988
f2457 5.386552  0.07771784 3.170794e-02 1.402341e-02 0.36806124 0.3482984 114 0.4174361
f2458 6.557999 -0.32386073 2.221564e-02 8.680130e-03 0.72535956 0.9101226 114 0.4024315



2024-07-02 14:44:10 : Pairwise Test CTRL : Seqnames chr11

2024-07-02 14:44:11 : CTRL_chr11_scMaty, Class = dgCMatrix
CTRL_chr11_scMaty: nRows = 1563, nCols = 228
CTRL_chr11_scMaty: NonZeroEntries = 76635, EntryRange = [ 0.061 , 24.403 ]
5 x 5 sparse Matrix of class "dgCMatrix"
     HEK#CCAGATAAGATCACCT-1 HEK#TTAGGTGGTTCCATCC-1 HEK#GAACCGCCATTCACGA-1 HEK#CAGTGCGAGATACCAA-1 HEK#GTCACAACAGTCAGCC-1
[1,]                      .                      .                      .                      .                      .
[2,]                      .                      .                      .                      .                      .
[3,]                      .                      .                      .                      .                      .
[4,]                      .                      .                      .                      .                      .
[5,]                      .                      .                      .                      .                      .



2024-07-02 14:44:11 : CTRL_chr11_diffResult, Class = data.frame
CTRL_chr11_diffResult: nRows = 1563, nCols = 8
      log2Mean    log2FC       fdr      pval      mean1      mean2   n       auc
f3423 0.000000 0.0000000 1.0000000 1.0000000 0.00000000 0.00000000 114 0.5000000
f3424 5.081276 0.4499137 1.0000000 0.9857248 0.33413157 0.24226315 114 0.4994614
f3425 0.000000 0.0000000 1.0000000 1.0000000 0.00000000 0.00000000 114 0.5000000
f3426 2.930452 1.0887859 0.9137367 0.6490166 0.08220167 0.03399993 114 0.5044629
f3427 5.881359 0.5308072 0.9763629 0.8776647 0.60237731 0.41424562 114 0.5043090
f3428 6.718636 0.4228236 1.0000000 0.9609876 1.04950899 0.78066672 114 0.4986150



2024-07-02 14:44:11 : Pairwise Test CTRL : Seqnames chr12

2024-07-02 14:44:11 : CTRL_chr12_scMaty, Class = dgCMatrix
CTRL_chr12_scMaty: nRows = 1274, nCols = 228
CTRL_chr12_scMaty: NonZeroEntries = 82971, EntryRange = [ 0.053 , 24.052 ]
5 x 5 sparse Matrix of class "dgCMatrix"
     HEK#CCAGATAAGATCACCT-1 HEK#TTAGGTGGTTCCATCC-1 HEK#GAACCGCCATTCACGA-1 HEK#CAGTGCGAGATACCAA-1 HEK#GTCACAACAGTCAGCC-1
[1,]                  .                          .                      .                  .                      .    
[2,]                  1.792                      .                      .                  1.218                  1.729
[3,]                  1.683                      .                      .                  0.902                  1.082
[4,]                  .                          .                      .                  0.477                  .    
[5,]                  .                          .                      .                  .                      .    



2024-07-02 14:44:11 : CTRL_chr12_diffResult, Class = data.frame
CTRL_chr12_diffResult: nRows = 1274, nCols = 8
      log2Mean     log2FC        fdr        pval     mean1     mean2   n       auc
f4986 0.000000  0.0000000 1.00000000 1.000000000 0.0000000 0.0000000 114 0.5000000
f4987 6.066713  0.5448147 0.29078205 0.206332002 0.6889210 0.4694822 114 0.5438596
f4988 4.977509  0.1711003 0.27141750 0.185773985 0.2839563 0.2512191 114 0.4619114
f4989 5.308011 -0.6458297 0.09228938 0.041653370 0.2622281 0.4152452 114 0.4359034
f4990 5.192076 -1.0002060 0.03304129 0.008869797 0.2049913 0.4188156 114 0.4370576
f4991 4.248116 -0.7228711 0.09129273 0.040558622 0.1170087 0.1988244 114 0.4513312



2024-07-02 14:44:11 : Pairwise Test CTRL : Seqnames chr13

2024-07-02 14:44:12 : CTRL_chr13_scMaty, Class = dgCMatrix
CTRL_chr13_scMaty: nRows = 559, nCols = 228
CTRL_chr13_scMaty: NonZeroEntries = 34390, EntryRange = [ 0.067 , 24.684 ]
5 x 5 sparse Matrix of class "dgCMatrix"
     HEK#CCAGATAAGATCACCT-1 HEK#TTAGGTGGTTCCATCC-1 HEK#GAACCGCCATTCACGA-1 HEK#CAGTGCGAGATACCAA-1 HEK#GTCACAACAGTCAGCC-1
[1,]                      .                      .                      .                      .                      .
[2,]                      .                      .                      .                      .                      .
[3,]                      .                      .                      .                      .                      .
[4,]                      .                      .                      .                      .                      .
[5,]                      .                      .                      .                      .                      .



2024-07-02 14:44:12 : CTRL_chr13_diffResult, Class = data.frame
CTRL_chr13_diffResult: nRows = 559, nCols = 8
      log2Mean     log2FC        fdr       pval      mean1      mean2   n       auc
f6260 3.096345 -1.0892461 0.06658177 0.01000440 0.03920172 0.09329817 114 0.4419821
f6261 3.016228 -1.5099710 0.06842529 0.01052697 0.02811397 0.09628071 114 0.4651816
f6262 3.410613 -0.7979293 0.14501266 0.03528036 0.05935090 0.10966668 114 0.4612958
f6263 3.638943 -0.4778667 0.05674357 0.00771469 0.08257016 0.11843863 114 0.4391351
f6264 3.541576 -0.1829909 0.08537037 0.01549665 0.08690343 0.09984208 114 0.4439443
f6265 3.991907 -0.8091731 0.07760223 0.01332704 0.09264906 0.16893863 114 0.4494460



2024-07-02 14:44:12 : Pairwise Test CTRL : Seqnames chr14

2024-07-02 14:44:12 : CTRL_chr14_scMaty, Class = dgCMatrix
CTRL_chr14_scMaty: nRows = 850, nCols = 228
CTRL_chr14_scMaty: NonZeroEntries = 47924, EntryRange = [ 0.057 , 30.962 ]
5 x 5 sparse Matrix of class "dgCMatrix"
     HEK#CCAGATAAGATCACCT-1 HEK#TTAGGTGGTTCCATCC-1 HEK#GAACCGCCATTCACGA-1 HEK#CAGTGCGAGATACCAA-1 HEK#GTCACAACAGTCAGCC-1
[1,]                      .                      .                      .                      .                      .
[2,]                      .                      .                      .                      .                      .
[3,]                      .                      .                      .                      .                      .
[4,]                      .                      .                      .                      .                      .
[5,]                      .                      .                      .                      .                      .



2024-07-02 14:44:12 : CTRL_chr14_diffResult, Class = data.frame
CTRL_chr14_diffResult: nRows = 850, nCols = 8
      log2Mean     log2FC       fdr       pval      mean1      mean2   n       auc
f6819 0.000000  0.0000000 1.0000000 1.00000000 0.00000000 0.00000000 114 0.5000000
f6820 2.511342 -0.3912989 0.1833777 0.07313535 0.03450003 0.04798243 114 0.4704524
f6821 0.000000  0.0000000 1.0000000 1.00000000 0.00000000 0.00000000 114 0.5000000
f6822 0.000000  0.0000000 1.0000000 1.00000000 0.00000000 0.00000000 114 0.5000000
f6823 0.000000  0.0000000 1.0000000 1.00000000 0.00000000 0.00000000 114 0.5000000
f6824 0.000000  0.0000000 1.0000000 1.00000000 0.00000000 0.00000000 114 0.5000000



2024-07-02 14:44:12 : Pairwise Test CTRL : Seqnames chr15

2024-07-02 14:44:13 : CTRL_chr15_scMaty, Class = dgCMatrix
CTRL_chr15_scMaty: nRows = 817, nCols = 228
CTRL_chr15_scMaty: NonZeroEntries = 44100, EntryRange = [ 0.064 , 22.44 ]
5 x 5 sparse Matrix of class "dgCMatrix"
     HEK#CCAGATAAGATCACCT-1 HEK#TTAGGTGGTTCCATCC-1 HEK#GAACCGCCATTCACGA-1 HEK#CAGTGCGAGATACCAA-1 HEK#GTCACAACAGTCAGCC-1
[1,]                      .                      .                      .                      .                      .
[2,]                      .                      .                      .                      .                      .
[3,]                      .                      .                      .                      .                      .
[4,]                      .                      .                      .                      .                      .
[5,]                      .                      .                      .                      .                      .



2024-07-02 14:44:13 : CTRL_chr15_diffResult, Class = data.frame
CTRL_chr15_diffResult: nRows = 817, nCols = 8
      log2Mean log2FC fdr pval mean1 mean2   n auc
f7669        0      0   1    1     0     0 114 0.5
f7670        0      0   1    1     0     0 114 0.5
f7671        0      0   1    1     0     0 114 0.5
f7672        0      0   1    1     0     0 114 0.5
f7673        0      0   1    1     0     0 114 0.5
f7674        0      0   1    1     0     0 114 0.5



2024-07-02 14:44:13 : Pairwise Test CTRL : Seqnames chr16

2024-07-02 14:44:14 : CTRL_chr16_scMaty, Class = dgCMatrix
CTRL_chr16_scMaty: nRows = 1001, nCols = 228
CTRL_chr16_scMaty: NonZeroEntries = 51409, EntryRange = [ 0.063 , 144.977 ]
5 x 5 sparse Matrix of class "dgCMatrix"
     HEK#CCAGATAAGATCACCT-1 HEK#TTAGGTGGTTCCATCC-1 HEK#GAACCGCCATTCACGA-1 HEK#CAGTGCGAGATACCAA-1 HEK#GTCACAACAGTCAGCC-1
[1,]                  0.926                      .                      .                      .                  0.862
[2,]                  0.881                      .                      .                      .                  1.302
[3,]                  .                          .                      .                      .                  1.517
[4,]                  .                          .                      .                      .                  .    
[5,]                  .                          .                      .                      .                  .    



2024-07-02 14:44:14 : CTRL_chr16_diffResult, Class = data.frame
CTRL_chr16_diffResult: nRows = 1001, nCols = 8
      log2Mean     log2FC       fdr      pval     mean1      mean2   n       auc
f8486 3.868094 1.11349227 0.8853479 0.7170719 0.1664299 0.07220176 114 0.5066944
f8487 5.293554 0.01670034 0.8937696 0.7437663 0.3372632 0.33328065 114 0.4919206
f8488 5.436628 0.04630647 0.9481002 0.8548985 0.3772369 0.36504379 114 0.4957295
f8489 4.731047 0.73315808 0.9906962 0.9549243 0.2821404 0.16623676 114 0.4986534
f8490 4.888452 0.90920334 0.9897427 0.9443668 0.3303073 0.17178065 114 0.5015389
f8491 4.739713 0.87274645 0.8301312 0.5493501 0.2943949 0.15678938 114 0.5156971



2024-07-02 14:44:14 : Pairwise Test CTRL : Seqnames chr17

2024-07-02 14:44:14 : CTRL_chr17_scMaty, Class = dgCMatrix
CTRL_chr17_scMaty: nRows = 1426, nCols = 228
CTRL_chr17_scMaty: NonZeroEntries = 76102, EntryRange = [ 0.052 , 30.815 ]
5 x 5 sparse Matrix of class "dgCMatrix"
     HEK#CCAGATAAGATCACCT-1 HEK#TTAGGTGGTTCCATCC-1 HEK#GAACCGCCATTCACGA-1 HEK#CAGTGCGAGATACCAA-1 HEK#GTCACAACAGTCAGCC-1
[1,]                   .                         .                      .                      .                  .    
[2,]                   .                         .                      .                      .                  0.717
[3,]                   .                         .                      .                      .                  .    
[4,]                   0.85                      .                      .                      .                  .    
[5,]                   .                         .                      .                      .                  .    



2024-07-02 14:44:14 : CTRL_chr17_diffResult, Class = data.frame
CTRL_chr17_diffResult: nRows = 1426, nCols = 8
      log2Mean     log2FC       fdr       pval      mean1      mean2   n       auc
f9487 0.000000  0.0000000 1.0000000 1.00000000 0.00000000 0.00000000 114 0.5000000
f9488 3.897432  0.3192270 0.8947657 0.73439373 0.13635070 0.10754374 114 0.4930363
f9489 2.485942 -0.1587973 1.0000000 0.99422207 0.03766671 0.04307013 114 0.5001154
f9490 4.918242 -0.4513828 0.3867447 0.07077043 0.21530701 0.29762246 114 0.4498307
f9491 4.659067 -0.2801060 0.2708876 0.02652304 0.19140355 0.23429797 114 0.4500231
f9492 5.052677  0.2802887 0.4476640 0.10002298 0.31056135 0.25417547 114 0.4529855



2024-07-02 14:44:14 : Pairwise Test CTRL : Seqnames chr18

2024-07-02 14:44:15 : CTRL_chr18_scMaty, Class = dgCMatrix
CTRL_chr18_scMaty: nRows = 384, nCols = 228
CTRL_chr18_scMaty: NonZeroEntries = 22668, EntryRange = [ 0.067 , 31.869 ]
5 x 5 sparse Matrix of class "dgCMatrix"
     HEK#CCAGATAAGATCACCT-1 HEK#TTAGGTGGTTCCATCC-1 HEK#GAACCGCCATTCACGA-1 HEK#CAGTGCGAGATACCAA-1 HEK#GTCACAACAGTCAGCC-1
[1,]                  0.627                      .                      .                      .                      .
[2,]                  1.026                      .                      .                      .                      .
[3,]                  1.015                      .                      .                      .                      .
[4,]                  .                          .                      .                      .                      .
[5,]                  0.845                      .                      .                      .                      .



2024-07-02 14:44:15 : CTRL_chr18_diffResult, Class = data.frame
CTRL_chr18_diffResult: nRows = 384, nCols = 8
       log2Mean      log2FC        fdr         pval      mean1      mean2   n       auc
f10913 2.929412  0.02121106 0.50905291 0.4003489067 0.05854385 0.05756138 114 0.4841490
f10914 4.492045 -0.92661172 0.46033355 0.3479985458 0.12732452 0.24992109 114 0.4804555
f10915 4.829266 -0.48735021 0.53812883 0.4470393151 0.19887713 0.28232458 114 0.4806479
f10916 5.166896 -1.53550813 0.01610083 0.0025576834 0.15287712 0.45983334 114 0.4189366
f10917 5.945385 -0.81390251 0.00689165 0.0007704826 0.38321937 0.68033323 114 0.3830409
f10918 3.637958  0.04404139 0.31606695 0.2016572996 0.10209651 0.09876315 114 0.4759541



2024-07-02 14:44:15 : Pairwise Test CTRL : Seqnames chr19

2024-07-02 14:44:15 : CTRL_chr19_scMaty, Class = dgCMatrix
CTRL_chr19_scMaty: nRows = 1653, nCols = 228
CTRL_chr19_scMaty: NonZeroEntries = 79135, EntryRange = [ 0.047 , 37.064 ]
5 x 5 sparse Matrix of class "dgCMatrix"
     HEK#CCAGATAAGATCACCT-1 HEK#TTAGGTGGTTCCATCC-1 HEK#GAACCGCCATTCACGA-1 HEK#CAGTGCGAGATACCAA-1 HEK#GTCACAACAGTCAGCC-1
[1,]                      .                      .                      .                      .                      .
[2,]                      .                      .                      .                      .                      .
[3,]                      .                      .                      .                      .                      .
[4,]                      .                      .                      .                      .                      .
[5,]                      .                      .                      .                      .                      .



2024-07-02 14:44:15 : CTRL_chr19_diffResult, Class = data.frame
CTRL_chr19_diffResult: nRows = 1653, nCols = 8
       log2Mean     log2FC       fdr       pval       mean1      mean2   n       auc
f11297 0.000000  0.0000000 1.0000000 1.00000000 0.000000000 0.00000000 114 0.5000000
f11298 1.093560 -0.2045093 0.6895946 0.57232198 0.008622811 0.01127193 114 0.4956910
f11299 3.276719 -0.5775868 0.2690085 0.13767766 0.059447285 0.09303508 114 0.4788396
f11300 3.981806 -0.8932146 0.2158171 0.09387324 0.088236772 0.17140330 114 0.4606802
f11301 3.534994 -0.4095938 0.2183075 0.09810663 0.078570121 0.10724555 114 0.4674900
f11302 4.263897 -1.6995447 0.0757285 0.01516168 0.070570081 0.24892968 114 0.4564481



2024-07-02 14:44:15 : Pairwise Test CTRL : Seqnames chr2

2024-07-02 14:44:16 : CTRL_chr2_scMaty, Class = dgCMatrix
CTRL_chr2_scMaty: nRows = 1580, nCols = 228
CTRL_chr2_scMaty: NonZeroEntries = 118712, EntryRange = [ 0.054 , 40.061 ]
5 x 5 sparse Matrix of class "dgCMatrix"
     HEK#CCAGATAAGATCACCT-1 HEK#TTAGGTGGTTCCATCC-1 HEK#GAACCGCCATTCACGA-1 HEK#CAGTGCGAGATACCAA-1 HEK#GTCACAACAGTCAGCC-1
[1,]                  0.523                      .                   .                         .                   1.25
[2,]                  0.285                      .                   .                         .                   .   
[3,]                  .                          .                   .                         .                   .   
[4,]                  .                          .                   .                         .                   .   
[5,]                  .                          .                   0.77                      .                   .   



2024-07-02 14:44:16 : CTRL_chr2_diffResult, Class = data.frame
CTRL_chr2_diffResult: nRows = 1580, nCols = 8
       log2Mean     log2FC          fdr         pval     mean1     mean2   n       auc
f12950 5.098391 -0.7216096 7.921456e-03 2.356382e-03 0.2181144 0.3653683 114 0.4081256
f12951 5.054632 -0.4736307 1.675021e-03 3.371246e-04 0.2353336 0.3301929 114 0.3861958
f12952 4.694240  0.1452942 1.495213e-01 9.699957e-02 0.2297459 0.2068947 114 0.4626039
f12953 4.590752 -0.9294825 7.478163e-03 2.181920e-03 0.1367720 0.2684299 114 0.4198215
f12954 7.273655 -0.5667063 2.224521e-03 4.795827e-04 1.0853422 1.6117625 114 0.3684595
f12955 5.600968 -1.3699419 2.780191e-05 2.263014e-06 0.2287718 0.6051840 114 0.3307941



2024-07-02 14:44:16 : Pairwise Test CTRL : Seqnames chr20

2024-07-02 14:44:16 : CTRL_chr20_scMaty, Class = dgCMatrix
CTRL_chr20_scMaty: nRows = 715, nCols = 228
CTRL_chr20_scMaty: NonZeroEntries = 33270, EntryRange = [ 0.054 , 44.082 ]
5 x 5 sparse Matrix of class "dgCMatrix"
     HEK#CCAGATAAGATCACCT-1 HEK#TTAGGTGGTTCCATCC-1 HEK#GAACCGCCATTCACGA-1 HEK#CAGTGCGAGATACCAA-1 HEK#GTCACAACAGTCAGCC-1
[1,]                      .                      .                      .                      .                  0.313
[2,]                      .                      .                      .                      .                  0.648
[3,]                      .                      .                      .                      .                  .    
[4,]                      .                      .                      .                      .                  .    
[5,]                      .                      .                      .                      .                  .    



2024-07-02 14:44:16 : CTRL_chr20_diffResult, Class = data.frame
CTRL_chr20_diffResult: nRows = 715, nCols = 8
       log2Mean     log2FC       fdr       pval      mean1      mean2   n       auc
f14530 2.806531 -1.7288040 0.4214116 0.12259247 0.01967541 0.08551761 114 0.4779932
f14531 3.235879 -0.1695644 0.6879289 0.37077460 0.06901744 0.07871924 114 0.4872268
f14532 2.503603 -0.6728662 0.7556985 0.46495241 0.02957892 0.05236842 114 0.4910357
f14533 2.847395 -0.1287801 0.6031491 0.25903402 0.05154382 0.05717543 114 0.4832256
f14534 3.972461  0.6114330 0.6552830 0.29785592 0.15767515 0.10017537 114 0.4808403
f14535 4.198062 -0.6384855 0.3303481 0.06052912 0.11717540 0.18728953 114 0.4623730



2024-07-02 14:44:16 : Pairwise Test CTRL : Seqnames chr21

2024-07-02 14:44:17 : CTRL_chr21_scMaty, Class = dgCMatrix
CTRL_chr21_scMaty: nRows = 327, nCols = 228
CTRL_chr21_scMaty: NonZeroEntries = 18177, EntryRange = [ 0.062 , 199.883 ]
5 x 5 sparse Matrix of class "dgCMatrix"
     HEK#CCAGATAAGATCACCT-1 HEK#TTAGGTGGTTCCATCC-1 HEK#GAACCGCCATTCACGA-1 HEK#CAGTGCGAGATACCAA-1 HEK#GTCACAACAGTCAGCC-1
[1,]                 69.544                  21.86                  9.809                  48.85                 65.378
[2,]                 69.544                  21.86                  9.809                  48.85                 65.378
[3,]                 69.544                  21.86                  9.809                  48.85                 65.378
[4,]                 69.544                  21.86                  9.809                  48.85                 65.378
[5,]                 69.544                  21.86                  9.809                  48.85                 65.378



2024-07-02 14:44:17 : CTRL_chr21_diffResult, Class = data.frame
CTRL_chr21_diffResult: nRows = 327, nCols = 8
        log2Mean     log2FC         fdr         pval     mean1     mean2   n       auc
f15245 12.425733 -0.2551671 0.052215802 9.559844e-03 43.997133 52.511131 114 0.4006617
f15246 12.425791 -0.2552741 0.052215802 9.559844e-03 43.997133 52.515025 114 0.4006617
f15247 12.425791 -0.2552741 0.052215802 9.559844e-03 43.997133 52.515025 114 0.4006617
f15248 12.426486 -0.2549960 0.052215802 9.504202e-03 44.022949 52.535710 114 0.4005848
f15249 12.426486 -0.2549957 0.052215802 9.504202e-03 44.022957 52.535710 114 0.4005848
f15250  7.436216 -0.6213505 0.005324109 9.160427e-05  1.188255  1.832632 114 0.3513004



2024-07-02 14:44:17 : Pairwise Test CTRL : Seqnames chr22

2024-07-02 14:44:18 : CTRL_chr22_scMaty, Class = dgCMatrix
CTRL_chr22_scMaty: nRows = 561, nCols = 228
CTRL_chr22_scMaty: NonZeroEntries = 33379, EntryRange = [ 0.067 , 30.83 ]
5 x 5 sparse Matrix of class "dgCMatrix"
     HEK#CCAGATAAGATCACCT-1 HEK#TTAGGTGGTTCCATCC-1 HEK#GAACCGCCATTCACGA-1 HEK#CAGTGCGAGATACCAA-1 HEK#GTCACAACAGTCAGCC-1
[1,]                  .                          .                      .                      .                      .
[2,]                  .                          .                      .                      .                      .
[3,]                  .                          .                      .                      .                      .
[4,]                  1.184                      .                      .                      .                      .
[5,]                  .                          .                      .                      .                      .



2024-07-02 14:44:18 : CTRL_chr22_diffResult, Class = data.frame
CTRL_chr22_diffResult: nRows = 561, nCols = 8
        log2Mean      log2FC       fdr       pval      mean1       mean2   n       auc
f15572 2.5713117 -0.58739127 0.2168072 0.03516836 0.03289469 0.053833304 114 0.4699908
f15573 2.1352056  0.55587247 0.7952668 0.54293618 0.03709644 0.022429826 114 0.4916898
f15574 0.5365489 -0.92675634 0.6482122 0.32157423 0.00000000 0.007903483 114 0.4956140
f15575 2.3764294 -0.21349426 0.7566911 0.49232133 0.03341227 0.040140363 114 0.4915743
f15576 2.7570242 -0.26107939 0.2660670 0.05406709 0.04517545 0.055877261 114 0.4702986
f15577 3.1280485 -0.02920296 0.4638846 0.16862313 0.06714067 0.068692943 114 0.4787627



2024-07-02 14:44:18 : Pairwise Test CTRL : Seqnames chr3

2024-07-02 14:44:18 : CTRL_chr3_scMaty, Class = dgCMatrix
CTRL_chr3_scMaty: nRows = 1402, nCols = 228
CTRL_chr3_scMaty: NonZeroEntries = 92759, EntryRange = [ 0.047 , 36.695 ]
5 x 5 sparse Matrix of class "dgCMatrix"
     HEK#CCAGATAAGATCACCT-1 HEK#TTAGGTGGTTCCATCC-1 HEK#GAACCGCCATTCACGA-1 HEK#CAGTGCGAGATACCAA-1 HEK#GTCACAACAGTCAGCC-1
[1,]                  .                          .                      .                  .                      2.658
[2,]                  .                          .                      .                  0.305                  0.537
[3,]                  0.356                      .                      .                  .                      0.853
[4,]                  1.031                      .                      .                  .                      0.806
[5,]                  .                          .                      .                  .                      0.587



2024-07-02 14:44:18 : CTRL_chr3_diffResult, Class = data.frame
CTRL_chr3_diffResult: nRows = 1402, nCols = 8
       log2Mean     log2FC        fdr        pval     mean1     mean2   n       auc
f16133 4.551300 -0.6465323 0.07309499 0.007403345 0.1515702 0.2422278 114 0.4348261
f16134 5.350550  0.2784639 0.93873550 0.849010741 0.3835701 0.3147017 114 0.4937673
f16135 4.008899  0.2205216 0.94158192 0.856960432 0.1432193 0.1216754 114 0.5046168
f16136 5.211577  0.1123827 0.99080589 0.956177149 0.3289211 0.3036141 114 0.5019237
f16137 5.380157  0.5264478 0.98026509 0.930622560 0.4224823 0.2906315 114 0.4970760
f16138 6.668410  0.7451223 0.16622526 0.035687449 1.1089035 0.6580525 114 0.5775623



2024-07-02 14:44:18 : Pairwise Test CTRL : Seqnames chr4

2024-07-02 14:44:19 : CTRL_chr4_scMaty, Class = dgCMatrix
CTRL_chr4_scMaty: nRows = 959, nCols = 228
CTRL_chr4_scMaty: NonZeroEntries = 62690, EntryRange = [ 0.051 , 28.148 ]
5 x 5 sparse Matrix of class "dgCMatrix"
     HEK#CCAGATAAGATCACCT-1 HEK#TTAGGTGGTTCCATCC-1 HEK#GAACCGCCATTCACGA-1 HEK#CAGTGCGAGATACCAA-1 HEK#GTCACAACAGTCAGCC-1
[1,]                      .                      .                      .                      .                      .
[2,]                      .                      .                      .                      .                      .
[3,]                      .                      .                      .                      .                      .
[4,]                      .                      .                      .                      .                      .
[5,]                      .                      .                      .                      .                      .



2024-07-02 14:44:19 : CTRL_chr4_diffResult, Class = data.frame
CTRL_chr4_diffResult: nRows = 959, nCols = 8
        log2Mean     log2FC         fdr         pval       mean1      mean2   n       auc
f17535 0.3510631  0.1301633 1.000000000 1.000000e+00 0.002921057 0.00191228 114 0.5000385
f17536 3.1550211 -1.4398902 0.005145021 1.609496e-05 0.033315840 0.10541228 114 0.3975454
f17537 3.5659633 -0.6441925 0.003324566 6.933401e-06 0.072298310 0.11792985 114 0.3906202
f17538 3.3437628 -0.3832149 0.220330617 2.711055e-02 0.068526271 0.09204386 114 0.4584103
f17539 4.1696842 -0.5625527 0.332405124 6.343080e-02 0.118701653 0.17949127 114 0.4594106
f17540 5.2751560  0.3040102 0.596962431 2.595759e-01 0.366570192 0.29525434 114 0.4640274



2024-07-02 14:44:19 : Pairwise Test CTRL : Seqnames chr5

2024-07-02 14:44:19 : CTRL_chr5_scMaty, Class = dgCMatrix
CTRL_chr5_scMaty: nRows = 1162, nCols = 228
CTRL_chr5_scMaty: NonZeroEntries = 87442, EntryRange = [ 0.065 , 27.732 ]
5 x 5 sparse Matrix of class "dgCMatrix"
     HEK#CCAGATAAGATCACCT-1 HEK#TTAGGTGGTTCCATCC-1 HEK#GAACCGCCATTCACGA-1 HEK#CAGTGCGAGATACCAA-1 HEK#GTCACAACAGTCAGCC-1
[1,]                  2.091                      .                  .                      .                      0.181
[2,]                  5.011                      .                  .                      .                      .    
[3,]                  .                          .                  .                      .                      .    
[4,]                  .                          .                  2.892                  .                      0.719
[5,]                  .                          .                  1.269                  1.279                  .    



2024-07-02 14:44:19 : CTRL_chr5_diffResult, Class = data.frame
CTRL_chr5_diffResult: nRows = 1162, nCols = 8
       log2Mean     log2FC         fdr         pval     mean1     mean2   n       auc
f18494 5.529556 -0.7521528 0.002742225 0.0003775869 0.2931228 0.4997106 114 0.3776547
f18495 4.857807  0.4360012 0.951350676 0.9218768168 0.2837283 0.2074386 114 0.4980763
f18496 5.255539 -0.4880785 0.049361776 0.0186390330 0.2701758 0.3824734 114 0.4337104
f18497 4.856886 -0.7364880 0.008991511 0.0018769313 0.1819122 0.3089298 114 0.4157433
f18498 5.996050 -0.4213218 0.039494650 0.0131195654 0.4699211 0.6322718 114 0.4135118
f18499 6.435886 -0.1943438 0.198742063 0.1272952163 0.6995880 0.8017360 114 0.4564097



2024-07-02 14:44:19 : Pairwise Test CTRL : Seqnames chr6

2024-07-02 14:44:20 : CTRL_chr6_scMaty, Class = dgCMatrix
CTRL_chr6_scMaty: nRows = 1289, nCols = 228
CTRL_chr6_scMaty: NonZeroEntries = 103222, EntryRange = [ 0.058 , 24.876 ]
5 x 5 sparse Matrix of class "dgCMatrix"
     HEK#CCAGATAAGATCACCT-1 HEK#TTAGGTGGTTCCATCC-1 HEK#GAACCGCCATTCACGA-1 HEK#CAGTGCGAGATACCAA-1 HEK#GTCACAACAGTCAGCC-1
[1,]                  .                          .                  .                      .                      .    
[2,]                  .                          .                  .                      .                      0.652
[3,]                  .                          .                  .                      .                      0.173
[4,]                  0.377                      .                  .                      1.887                  .    
[5,]                  0.225                      .                  1.341                  .                      0.538



2024-07-02 14:44:20 : CTRL_chr6_diffResult, Class = data.frame
CTRL_chr6_diffResult: nRows = 1289, nCols = 8
       log2Mean       log2FC          fdr         pval      mean1      mean2   n       auc
f19656 3.889960  0.090337031 0.0400120737 1.893512e-02 0.12534200 0.11720173 114 0.4503309
f19657 4.791163  0.490993092 0.2464474795 1.915752e-01 0.27503499 0.19316667 114 0.4619114
f19658 2.317159  0.004921879 0.2077757628 1.573228e-01 0.03501755 0.03486841 114 0.4690674
f19659 5.055066  0.009201118 0.0243589887 9.637769e-03 0.28378097 0.28192109 114 0.4235919
f19660 6.507898 -0.714918995 0.0004311292 2.642297e-05 0.59568432 0.98337716 114 0.3444906
f19661 6.170015 -0.627861698 0.0083513286 2.131132e-03 0.48753501 0.75815777 114 0.3926593



2024-07-02 14:44:20 : Pairwise Test CTRL : Seqnames chr7

2024-07-02 14:44:20 : CTRL_chr7_scMaty, Class = dgCMatrix
CTRL_chr7_scMaty: nRows = 1136, nCols = 228
CTRL_chr7_scMaty: NonZeroEntries = 81889, EntryRange = [ 0.059 , 44.058 ]
5 x 5 sparse Matrix of class "dgCMatrix"
     HEK#CCAGATAAGATCACCT-1 HEK#TTAGGTGGTTCCATCC-1 HEK#GAACCGCCATTCACGA-1 HEK#CAGTGCGAGATACCAA-1 HEK#GTCACAACAGTCAGCC-1
[1,]                  0.428                  4.552                      .                      .                  .    
[2,]                  .                      6.239                      .                      .                  .    
[3,]                  .                      .                          .                      .                  .    
[4,]                  0.975                  .                          .                      .                  .    
[5,]                  1.937                  .                          .                      .                  0.451



2024-07-02 14:44:20 : CTRL_chr7_diffResult, Class = data.frame
CTRL_chr7_diffResult: nRows = 1136, nCols = 8
       log2Mean      log2FC        fdr       pval     mean1      mean2   n       auc
f20945 4.836531 -0.53940606 0.06120203 0.01454626 0.1955440 0.28817548 114 0.4360572
f20946 4.797169 -0.44763034 0.13931733 0.05224400 0.1975790 0.27264917 114 0.4589104
f20947 3.723395  1.13072556 0.83112310 0.73129172 0.1503071 0.06387721 114 0.5049246
f20948 4.399548  0.66609772 0.96664662 0.93260977 0.2183597 0.13436848 114 0.4974223
f20949 5.532738 -0.09193268 0.06350070 0.01537209 0.3843775 0.41024560 114 0.4193598
f20950 5.223326 -0.26757979 0.11419563 0.03840029 0.2886228 0.34922788 114 0.4334026



2024-07-02 14:44:20 : Pairwise Test CTRL : Seqnames chr8

2024-07-02 14:44:21 : CTRL_chr8_scMaty, Class = dgCMatrix
CTRL_chr8_scMaty: nRows = 897, nCols = 228
CTRL_chr8_scMaty: NonZeroEntries = 48064, EntryRange = [ 0.068 , 20.323 ]
5 x 5 sparse Matrix of class "dgCMatrix"
     HEK#CCAGATAAGATCACCT-1 HEK#TTAGGTGGTTCCATCC-1 HEK#GAACCGCCATTCACGA-1 HEK#CAGTGCGAGATACCAA-1 HEK#GTCACAACAGTCAGCC-1
[1,]                  .                          .                      .                      .                  .    
[2,]                  0.416                      .                      .                      .                  1.247
[3,]                  .                          .                      .                      .                  0.898
[4,]                  .                          .                      .                      .                  0.336
[5,]                  .                          .                      .                      .                  .    



2024-07-02 14:44:21 : CTRL_chr8_diffResult, Class = data.frame
CTRL_chr8_diffResult: nRows = 897, nCols = 8
       log2Mean     log2FC       fdr       pval      mean1      mean2   n       auc
f22081 2.250507  1.7646333 0.9287601 0.67451745 0.05572810 0.01021052 114 0.5048476
f22082 3.884891  2.0394486 0.6377298 0.14190713 0.19969301 0.04193856 114 0.5321253
f22083 3.138815  1.1573789 0.7631007 0.29077313 0.09792117 0.03906139 114 0.5189674
f22084 3.309322  0.9139513 0.9443061 0.73819989 0.10484207 0.05152638 114 0.5064635
f22085 2.885184 -0.2966880 0.9186235 0.65850043 0.04939476 0.06267545 114 0.4916513
f22086 5.252665  1.5887506 0.1777557 0.00376517 0.49320189 0.15811391 114 0.5849877



2024-07-02 14:44:21 : Pairwise Test CTRL : Seqnames chr9

2024-07-02 14:44:21 : CTRL_chr9_scMaty, Class = dgCMatrix
CTRL_chr9_scMaty: nRows = 986, nCols = 228
CTRL_chr9_scMaty: NonZeroEntries = 52363, EntryRange = [ 0.061 , 17.437 ]
5 x 5 sparse Matrix of class "dgCMatrix"
     HEK#CCAGATAAGATCACCT-1 HEK#TTAGGTGGTTCCATCC-1 HEK#GAACCGCCATTCACGA-1 HEK#CAGTGCGAGATACCAA-1 HEK#GTCACAACAGTCAGCC-1
[1,]                  0.729                      .                      .                      .                   .   
[2,]                  0.799                      .                      .                      .                   .   
[3,]                  .                          .                      .                      .                   .   
[4,]                  .                          .                      .                      .                   0.53
[5,]                  .                          .                      .                      .                   .   



2024-07-02 14:44:21 : CTRL_chr9_diffResult, Class = data.frame
CTRL_chr9_diffResult: nRows = 986, nCols = 8
       log2Mean     log2FC       fdr       pval      mean1      mean2   n       auc
f22978 3.457398 -0.1492017 0.4621478 0.05062359 0.08260536 0.09256143 114 0.4566020
f22979 3.812241 -0.3268505 0.3762327 0.02518393 0.10055263 0.12835083 114 0.4578717
f22980 1.416300  1.5102511 0.8194004 0.39886553 0.02588600 0.00339474 114 0.5090028
f22981 4.635667 -0.3056538 0.4621478 0.05638312 0.18627199 0.23229819 114 0.4443675
f22982 4.229203  0.9267603 0.9010164 0.56470483 0.20684197 0.10464924 114 0.4873807
f22983 5.598826  0.1328922 0.8197562 0.40408872 0.43591210 0.39678049 114 0.4710295



2024-07-02 14:44:21 : Pairwise Test CTRL : Seqnames chrX

2024-07-02 14:44:22 : CTRL_chrX_scMaty, Class = dgCMatrix
CTRL_chrX_scMaty: nRows = 956, nCols = 228
CTRL_chrX_scMaty: NonZeroEntries = 49982, EntryRange = [ 0.041 , 41.9 ]
5 x 5 sparse Matrix of class "dgCMatrix"
     HEK#CCAGATAAGATCACCT-1 HEK#TTAGGTGGTTCCATCC-1 HEK#GAACCGCCATTCACGA-1 HEK#CAGTGCGAGATACCAA-1 HEK#GTCACAACAGTCAGCC-1
[1,]                      .                      .                  .                          .                      .
[2,]                      .                      .                  .                          .                      .
[3,]                      .                      .                  .                          .                      .
[4,]                      .                      .                  .                          .                      .
[5,]                      .                      .                  1.864                      .                      .



2024-07-02 14:44:22 : CTRL_chrX_diffResult, Class = data.frame
CTRL_chrX_diffResult: nRows = 956, nCols = 8
       log2Mean    log2FC       fdr      pval      mean1      mean2   n       auc
f23964 3.727757 0.7475176 0.9115204 0.5631615 0.13689476 0.07799116 114 0.5113881
f23965 3.357341 0.7259767 0.9115204 0.5743149 0.10328069 0.05897369 114 0.5115035
f23966 3.957961 0.6051843 0.8338635 0.3600545 0.15572812 0.09936833 114 0.5254309
f23967 3.615064 1.2341312 0.6634815 0.1101655 0.14207036 0.05535089 114 0.5332410
f23968 3.349579 0.6536471 0.9565744 0.7231219 0.10056146 0.06072817 114 0.4936134
f23969 3.076046 0.2211214 0.8770123 0.4791667 0.07085963 0.05954386 114 0.4876116


###########
2024-07-02 14:44:22 : Completed Pairwise Tests, 0.24 mins elapsed.
###########

------- Completed

End Time : 2024-07-02 14:44:22
Elapsed Time Minutes = 0.258763233820597
Elapsed Time Hours = 0.00431275308132172

-------



