
           ___      .______        ______  __    __  .______      
          /   \     |   _  \      /      ||  |  |  | |   _  \     
         /  ^  \    |  |_)  |    |  ,----'|  |__|  | |  |_)  |    
        /  /_\  \   |      /     |  |     |   __   | |      /     
       /  _____  \  |  |\  \\___ |  `----.|  |  |  | |  |\  \\___.
      /__/     \__\ | _| `._____| \______||__|  |__| | _| `._____|
    
Logging With ArchR!

Start Time : 2024-06-26 14:49:14

------- ArchR Info

ArchRThreads = 4
ArchRGenome = Hg38

------- System Info

Computer OS = unix
Total Cores = 10

------- Session Info

R version 4.2.2 (2022-10-31)
Platform: aarch64-apple-darwin20 (64-bit)
Running under: macOS 14.2.1

Matrix products: default
LAPACK: /Library/Frameworks/R.framework/Versions/4.2-arm64/Resources/lib/libRlapack.dylib

Random number generation:
 RNG:     L'Ecuyer-CMRG 
 Normal:  Inversion 
 Sample:  Rejection 
 
locale:
[1] en_US.UTF-8/en_US.UTF-8/en_US.UTF-8/C/en_US.UTF-8/en_US.UTF-8

attached base packages:
 [1] parallel  stats4    grid      stats     graphics  grDevices utils     datasets 
 [9] methods   base     

other attached packages:
 [1] presto_1.0.0                      nabor_0.5.0                      
 [3] Rsamtools_2.14.0                  BSgenome.Hsapiens.UCSC.hg38_1.4.5
 [5] BSgenome_1.66.3                   rtracklayer_1.58.0               
 [7] Biostrings_2.66.0                 XVector_0.38.0                   
 [9] dplyr_1.1.3                       harmony_0.1.1                    
[11] Signac_1.10.0                     SeuratObject_4.1.3               
[13] Seurat_4.1.1.9001                 rhdf5_2.42.1                     
[15] SummarizedExperiment_1.28.0       Biobase_2.58.0                   
[17] MatrixGenerics_1.10.0             Rcpp_1.0.11                      
[19] Matrix_1.5-4.1                    GenomicRanges_1.50.2             
[21] GenomeInfoDb_1.34.9               IRanges_2.32.0                   
[23] S4Vectors_0.36.2                  BiocGenerics_0.44.0              
[25] matrixStats_1.0.0                 data.table_1.14.8                
[27] stringr_1.5.0                     plyr_1.8.8                       
[29] magrittr_2.0.3                    ggplot2_3.4.3                    
[31] gtable_0.3.4                      gtools_3.9.4                     
[33] gridExtra_2.3                     ArchR_1.0.2                      

loaded via a namespace (and not attached):
  [1] readxl_1.4.3             fastmatch_1.1-4          systemfonts_1.0.4       
  [4] igraph_1.5.1             lazyeval_0.2.2           sp_2.0-0                
  [7] splines_4.2.2            RcppHNSW_0.5.0           BiocParallel_1.32.6     
 [10] listenv_0.9.0            scattermore_1.2          digest_0.6.33           
 [13] htmltools_0.5.6          fansi_1.0.4              tensor_1.5              
 [16] cluster_2.1.4            ROCR_1.0-11              globals_0.16.2          
 [19] spatstat.sparse_3.0-2    colorspace_2.1-0         ggrepel_0.9.3           
 [22] textshaping_0.3.6        xfun_0.40                crayon_1.5.2            
 [25] RCurl_1.98-1.12          jsonlite_1.8.7           progressr_0.14.0        
 [28] spatstat.data_3.0-1      survival_3.5-7           zoo_1.8-12              
 [31] glue_1.6.2               polyclip_1.10-4          zlibbioc_1.44.0         
 [34] leiden_0.4.3             DelayedArray_0.24.0      Rhdf5lib_1.20.0         
 [37] future.apply_1.11.0      abind_1.4-5              scales_1.2.1            
 [40] spatstat.random_3.1-6    miniUI_0.1.1.1           viridisLite_0.4.2       
 [43] xtable_1.8-4             reticulate_1.32.0        htmlwidgets_1.6.2       
 [46] httr_1.4.7               RColorBrewer_1.1-3       ellipsis_0.3.2          
 [49] ica_1.0-3                farver_2.1.1             XML_3.99-0.14           
 [52] pkgconfig_2.0.3          uwot_0.1.16              deldir_1.0-9            
 [55] utf8_1.2.3               labeling_0.4.3           tidyselect_1.2.0        
 [58] rlang_1.1.1              reshape2_1.4.4           later_1.3.1             
 [61] munsell_0.5.0            cellranger_1.1.0         tools_4.2.2             
 [64] cli_3.6.1                generics_0.1.3           ggridges_0.5.4          
 [67] evaluate_0.21            fastmap_1.1.1            ragg_1.2.5              
 [70] yaml_2.3.7               goftest_1.2-3            knitr_1.44              
 [73] fitdistrplus_1.1-11      purrr_1.0.2              RANN_2.6.1              
 [76] pbapply_1.7-2            future_1.33.0            nlme_3.1-163            
 [79] mime_0.12                RcppRoll_0.3.0           compiler_4.2.2          
 [82] rstudioapi_0.15.0        plotly_4.10.2            png_0.1-8               
 [85] spatstat.utils_3.0-3     tibble_3.2.1             stringi_1.7.12          
 [88] RSpectra_0.16-1          lattice_0.21-8           psych_2.3.6             
 [91] vctrs_0.6.3              pillar_1.9.0             lifecycle_1.0.3         
 [94] rhdf5filters_1.10.1      spatstat.geom_3.2-5      lmtest_0.9-40           
 [97] RcppAnnoy_0.0.21         cowplot_1.1.1            bitops_1.0-7            
[100] irlba_2.3.5.1            httpuv_1.6.11            patchwork_1.1.3         
[103] BiocIO_1.8.0             R6_2.5.1                 promises_1.2.1          
[106] KernSmooth_2.23-22       parallelly_1.36.0        codetools_0.2-19        
[109] fastDummies_1.7.3        MASS_7.3-60              rjson_0.2.21            
[112] withr_2.5.0              GenomicAlignments_1.34.1 sctransform_0.3.5       
[115] mnormt_2.1.1             GenomeInfoDbData_1.2.9   tidyr_1.3.0             
[118] rmarkdown_2.25           Cairo_1.6-1              Rtsne_0.16              
[121] spatstat.explore_3.2-3   shiny_1.7.5              restfulr_0.0.15         


------- Log Info


2024-06-26 14:49:14 : markerHeatmap Input-Parameters, Class = list

markerHeatmap Input-Parameters$seMarker: length = 24919
class: SummarizedExperiment 
dim: 6 8 
metadata(2): MatchInfo Params
assays(7): Log2FC Mean ... AUC MeanBGD
rownames(6): 1 2 ... 5 6
rowData names(6): seqnames start ... name idx
colnames(8): 0 1 ... 6 7
colData names(0):


markerHeatmap Input-Parameters$cutOff: length = 1
[1] "FDR <= 0.05 & Log2FC >= 1"


markerHeatmap Input-Parameters$log2Norm: length = 1
[1] TRUE


markerHeatmap Input-Parameters$scaleTo: length = 1
[1] 10000


markerHeatmap Input-Parameters$scaleRows: length = 1
[1] TRUE


markerHeatmap Input-Parameters$plotLog2FC: length = 1
[1] FALSE


markerHeatmap Input-Parameters$limits: length = 2
[1] -2  2


markerHeatmap Input-Parameters$grepExclude: length = 0
NULL


markerHeatmap Input-Parameters$pal: length = 0
NULL


markerHeatmap Input-Parameters$binaryClusterRows: length = 1
[1] TRUE


markerHeatmap Input-Parameters$clusterCols: length = 1
[1] TRUE


markerHeatmap Input-Parameters$subsetMarkers: length = 0
NULL


markerHeatmap Input-Parameters$labelMarkers: length = 0
NULL


markerHeatmap Input-Parameters$nLabel: length = 1
[1] 15


markerHeatmap Input-Parameters$nPrint: length = 1
[1] 15


markerHeatmap Input-Parameters$labelRows: length = 1
[1] FALSE


markerHeatmap Input-Parameters$returnMatrix: length = 1
[1] FALSE


markerHeatmap Input-Parameters$transpose: length = 1
[1] TRUE


markerHeatmap Input-Parameters$invert: length = 1
[1] FALSE


markerHeatmap Input-Parameters$logFile: length = 1
[1] "ArchRLogs/ArchR-plotMarkerHeatmap-5a33b5dca9e-Date-2024-06-26_Time-14-49-14.log"



2024-06-26 14:49:14 : passMat, Class = matrix
 
2024-06-26 14:49:14 : passMat, Class = array
      0     1     2     3     4
1 FALSE FALSE FALSE FALSE FALSE
2 FALSE FALSE FALSE FALSE FALSE
3 FALSE FALSE FALSE FALSE FALSE
4 FALSE FALSE FALSE FALSE FALSE
5 FALSE FALSE FALSE FALSE FALSE

passMat: nRows = 24919, nCols = 8


2024-06-26 14:49:14 : mat, Class = matrix
 
2024-06-26 14:49:14 : mat, Class = array
           0         1         2          3          4
1        NaN       NaN       NaN        NaN        NaN
2        NaN       NaN       NaN        NaN        NaN
3        NaN       NaN       NaN        NaN        NaN
4  0.3424402 -1.407525 1.5755045 -0.5109519 -0.3578739
5 -0.6618068 -1.011255 0.9413974  0.1632073  1.9259607

mat: nRows = 24919, nCols = 8


2024-06-26 14:49:14 : mat-plot, Class = matrix
 
2024-06-26 14:49:14 : mat-plot, Class = array
                 0          1        2          3          4
GAS6-DT   1.529674 -0.6143412 1.604786 -0.3541197 -0.7612340
ACIN1     1.382761 -0.5522141 1.832745 -0.5099436 -0.4918839
C14orf119 1.620885 -0.5110331 1.618053 -0.5566803 -0.5427563
CEBPE     1.655747 -0.4615526 1.581075 -0.5635996 -0.5666605
ARHGAP11A 1.330725 -0.6529202 1.746569 -0.1421495 -0.3511500

mat-plot: nRows = 1767, nCols = 8


------- Completed

End Time : 2024-06-26 14:49:15
Elapsed Time Minutes = 0.0205885171890259
Elapsed Time Hours = 0.00034317500061459

-------



