
           ___      .______        ______  __    __  .______      
          /   \     |   _  \      /      ||  |  |  | |   _  \     
         /  ^  \    |  |_)  |    |  ,----'|  |__|  | |  |_)  |    
        /  /_\  \   |      /     |  |     |   __   | |      /     
       /  _____  \  |  |\  \\___ |  `----.|  |  |  | |  |\  \\___.
      /__/     \__\ | _| `._____| \______||__|  |__| | _| `._____|
    
Logging With ArchR!

Start Time : 2024-07-02 13:15:56

------- ArchR Info

ArchRThreads = 4
ArchRGenome = Hg38

------- System Info

Computer OS = unix
Total Cores = 10

------- Session Info

R version 4.2.2 (2022-10-31)
Platform: aarch64-apple-darwin20 (64-bit)
Running under: macOS 14.2.1

Matrix products: default
LAPACK: /Library/Frameworks/R.framework/Versions/4.2-arm64/Resources/lib/libRlapack.dylib

Random number generation:
 RNG:     L'Ecuyer-CMRG 
 Normal:  Inversion 
 Sample:  Rejection 
 
locale:
[1] en_US.UTF-8/en_US.UTF-8/en_US.UTF-8/C/en_US.UTF-8/en_US.UTF-8

attached base packages:
 [1] parallel  stats4    grid      stats     graphics  grDevices utils     datasets  methods   base     

other attached packages:
 [1] tidyr_1.3.0                       circlize_0.4.16                   ComplexHeatmap_2.14.0            
 [4] presto_1.0.0                      nabor_0.5.0                       Rsamtools_2.14.0                 
 [7] BSgenome.Hsapiens.UCSC.hg38_1.4.5 BSgenome_1.66.3                   rtracklayer_1.58.0               
[10] Biostrings_2.66.0                 XVector_0.38.0                    dplyr_1.1.3                      
[13] harmony_0.1.1                     Signac_1.10.0                     SeuratObject_4.1.3               
[16] Seurat_4.1.1.9001                 rhdf5_2.42.1                      SummarizedExperiment_1.28.0      
[19] Biobase_2.58.0                    MatrixGenerics_1.10.0             Rcpp_1.0.11                      
[22] Matrix_1.5-4.1                    GenomicRanges_1.50.2              GenomeInfoDb_1.34.9              
[25] IRanges_2.32.0                    S4Vectors_0.36.2                  BiocGenerics_0.44.0              
[28] matrixStats_1.0.0                 data.table_1.14.8                 stringr_1.5.0                    
[31] plyr_1.8.8                        magrittr_2.0.3                    ggplot2_3.4.3                    
[34] gtable_0.3.4                      gtools_3.9.4                      gridExtra_2.3                    
[37] ArchR_1.0.2                      

loaded via a namespace (and not attached):
  [1] utf8_1.2.3               spatstat.explore_3.2-3   reticulate_1.32.0        tidyselect_1.2.0        
  [5] htmlwidgets_1.6.2        BiocParallel_1.32.6      Rtsne_0.16               munsell_0.5.0           
  [9] codetools_0.2-19         ragg_1.2.5               ica_1.0-3                future_1.33.0           
 [13] miniUI_0.1.1.1           withr_2.5.0              spatstat.random_3.1-6    colorspace_2.1-0        
 [17] progressr_0.14.0         knitr_1.44               rstudioapi_0.15.0        ROCR_1.0-11             
 [21] ggsignif_0.6.4           tensor_1.5               listenv_0.9.0            labeling_0.4.3          
 [25] GenomeInfoDbData_1.2.9   mnormt_2.1.1             polyclip_1.10-4          farver_2.1.1            
 [29] parallelly_1.36.0        vctrs_0.6.3              generics_0.1.3           xfun_0.40               
 [33] R6_2.5.1                 doParallel_1.0.17        clue_0.3-65              bitops_1.0-7            
 [37] rhdf5filters_1.10.1      spatstat.utils_3.0-3     DelayedArray_0.24.0      promises_1.2.1          
 [41] BiocIO_1.8.0             scales_1.2.1             Cairo_1.6-1              globals_0.16.2          
 [45] goftest_1.2-3            rlang_1.1.1              systemfonts_1.0.4        RcppRoll_0.3.0          
 [49] GlobalOptions_0.1.2      splines_4.2.2            rstatix_0.7.2            lazyeval_0.2.2          
 [53] broom_1.0.5              spatstat.geom_3.2-5      yaml_2.3.7               reshape2_1.4.4          
 [57] abind_1.4-5              backports_1.4.1          httpuv_1.6.11            tools_4.2.2             
 [61] psych_2.3.6              ellipsis_0.3.2           RColorBrewer_1.1-3       ggridges_0.5.4          
 [65] zlibbioc_1.44.0          purrr_1.0.2              RCurl_1.98-1.12          ggpubr_0.6.0            
 [69] deldir_1.0-9             GetoptLong_1.0.5         pbapply_1.7-2            cowplot_1.1.1           
 [73] zoo_1.8-12               ggrepel_0.9.3            cluster_2.1.4            RSpectra_0.16-1         
 [77] scattermore_1.2          lmtest_0.9-40            RANN_2.6.1               fitdistrplus_1.1-11     
 [81] patchwork_1.1.3          mime_0.12                evaluate_0.21            xtable_1.8-4            
 [85] XML_3.99-0.14            readxl_1.4.3             shape_1.4.6              fastDummies_1.7.3       
 [89] compiler_4.2.2           tibble_3.2.1             KernSmooth_2.23-22       crayon_1.5.2            
 [93] htmltools_0.5.6          later_1.3.1              MASS_7.3-60              car_3.1-2               
 [97] cli_3.6.1                igraph_1.5.1             pkgconfig_2.0.3          GenomicAlignments_1.34.1
[101] sp_2.0-0                 plotly_4.10.2            spatstat.sparse_3.0-2    foreach_1.5.2           
[105] digest_0.6.33            sctransform_0.3.5        RcppAnnoy_0.0.21         spatstat.data_3.0-1     
[109] rmarkdown_2.25           cellranger_1.1.0         leiden_0.4.3             fastmatch_1.1-4         
[113] uwot_0.1.16              restfulr_0.0.15          shiny_1.7.5              rjson_0.2.21            
[117] lifecycle_1.0.3          nlme_3.1-163             jsonlite_1.8.7           Rhdf5lib_1.20.0         
[121] carData_3.0-5            viridisLite_0.4.2        fansi_1.0.4              pillar_1.9.0            
[125] lattice_0.21-8           fastmap_1.1.1            httr_1.4.7               survival_3.5-7          
[129] glue_1.6.2               iterators_1.0.14         png_0.1-8                stringi_1.7.12          
[133] textshaping_0.3.6        RcppHNSW_0.5.0           irlba_2.3.5.1            future.apply_1.11.0     


------- Log Info


2024-07-02 13:15:56 : Input-Parameters, Class = list

Input-Parameters$ArchRProj: length = 1

Input-Parameters$embedding: length = 1
[1] "seuratUMAP"


Input-Parameters$colorBy: length = 1
[1] "GeneScoreMatrix"


Input-Parameters$name: length = 1
[1] "ZNF225"


Input-Parameters$log2Norm: length = 0
NULL


Input-Parameters$imputeWeights: length = 0
NULL


Input-Parameters$pal: length = 0
NULL


Input-Parameters$size: length = 1
[1] 0.1


Input-Parameters$sampleCells: length = 0
NULL


Input-Parameters$highlightCells: length = 0
NULL


Input-Parameters$rastr: length = 1
[1] TRUE


Input-Parameters$quantCut: length = 2
[1] 0.01 0.95


Input-Parameters$discreteSet: length = 0
NULL


Input-Parameters$continuousSet: length = 0
NULL


Input-Parameters$randomize: length = 1
[1] TRUE


Input-Parameters$keepAxis: length = 1
[1] FALSE


Input-Parameters$baseSize: length = 1
[1] 10


Input-Parameters$plotAs: length = 0
NULL


Input-Parameters$threads: length = 1
[1] 4


Input-Parameters$logFile: length = 1
[1] "ArchRLogs/ArchR-plotEmbedding-5a3643a66a4-Date-2024-07-02_Time-13-15-56.log"



2024-07-02 13:15:56 : Getting UMAP Embedding

2024-07-02 13:15:56 : Embedding data.frame, Class = data.frame
Embedding data.frame: nRows = 4755, nCols = 2
                       seurat#UMAP1 seurat#UMAP2
HEK#TCCAGAAAGGATTGAT-1  -3.30995272    -2.323137
HEK#TGGCGCACACCTGGTG-1  -1.56786869    -3.325631
HEK#TCAAGACTCGCACCGA-1   0.01882197    -2.427774
HEK#CTTGAAGTCTCTGCGT-1  -1.32863949    -4.357421
HEK#GTGTCCTAGCAACTGG-1  -2.76726673    -1.933482
HEK#AATGGCTTCTGTTTAC-1  -0.52993511    -1.771912



2024-07-02 13:15:56 : ColorBy = GeneScoreMatrix

2024-07-02 13:15:56 : Getting Matrix Values...

2024-07-02 13:15:56 : FeatureDF, Class = DFrame
DataFrame with 24919 rows and 6 columns
      seqnames     start       end  strand         name     idx
         <Rle>   <array>   <array> <array>      <array> <array>
1         chr1     69091     70008       1        OR4F5       1
2         chr1    140339    139790       2    LOC729737       2
3         chr1    629010    585990       2 LOC101928626       3
4         chr1    817371    819837       1       FAM87B       4
5         chr1    825138    859446       1    LINC01128       5
...        ...       ...       ...     ...          ...     ...
24915     chrX 155264589 155258241       2       RAB39B     952
24916     chrX 155334657 155276211       2        CLIC2     953
24917     chrX 155380787 155381134       1       H2AFB1     954
24918     chrX 155382115 155383230       1         F8A2     955
24919     chrX 155669944 155490115       2        TMLHE     956


2024-07-02 13:15:56 : idx, Class = integer

idx: length = 1
[1] 12341



2024-07-02 13:15:56 : FeatureDF-Subset, Class = DFrame
DataFrame with 1 row and 6 columns
  seqnames    start      end  strand    name     idx
     <Rle>  <array>  <array> <array> <array> <array>
1    chr19 44112181 44134816       1  ZNF225    1045


2024-07-02 13:15:57 : Feature-Matrix, Class = dgCMatrix
Feature-Matrix: nRows = 1, nCols = 4755
Feature-Matrix: NonZeroEntries = 1490, EntryRange = [ 0.165 , 10.59 ]
1 x 5 sparse Matrix of class "dgCMatrix"
     HEK#TCCAGAAAGGATTGAT-1 HEK#TGGCGCACACCTGGTG-1 HEK#TCAAGACTCGCACCGA-1 HEK#CTTGAAGTCTCTGCGT-1 HEK#GTGTCCTAGCAACTGG-1
[1,]                  0.742                  0.905                  1.137                  1.162                  1.042



2024-07-02 13:15:57 : colorMat-Before-Impute, Class = matrix
 
2024-07-02 13:15:57 : colorMat-Before-Impute, Class = array
       HEK#TCCAGAAAGGATTGAT-1 HEK#TGGCGCACACCTGGTG-1 HEK#TCAAGACTCGCACCGA-1 HEK#CTTGAAGTCTCTGCGT-1 HEK#GTGTCCTAGCAACTGG-1
ZNF225                  0.742                  0.905                  1.137                  1.162                  1.042

colorMat-Before-Impute: nRows = 1, nCols = 4755


2024-07-02 13:15:57 : colorMat-After-Impute, Class = matrix
 
2024-07-02 13:15:57 : colorMat-After-Impute, Class = array
       HEK#TCCAGAAAGGATTGAT-1 HEK#TGGCGCACACCTGGTG-1 HEK#TCAAGACTCGCACCGA-1 HEK#CTTGAAGTCTCTGCGT-1 HEK#GTGTCCTAGCAACTGG-1
ZNF225                  0.742                  0.905                  1.137                  1.162                  1.042

colorMat-After-Impute: nRows = 1, nCols = 4755


2024-07-02 13:15:57 : ColorParams 1, Class = list

ColorParams 1$color: length = 4755
HEK#TCCAGAAAGGATTGAT-1 HEK#TGGCGCACACCTGGTG-1 HEK#TCAAGACTCGCACCGA-1 HEK#CTTGAAGTCTCTGCGT-1 HEK#GTGTCCTAGCAACTGG-1 
                 0.742                  0.905                  1.137                  1.162                  1.042 
HEK#AATGGCTTCTGTTTAC-1 
                 0.277 


ColorParams 1$discrete: length = 1
[1] FALSE


ColorParams 1$title: length = 1
[1] "seuratUMAP of seurat colored by\nGeneScoreMatrix : ZNF225"


ColorParams 1$continuousSet: length = 1
[1] "horizonExtra"



2024-07-02 13:15:57 : PlotParams-1, Class = list

PlotParams-1$color: length = 4755
HEK#TCCAGAAAGGATTGAT-1 HEK#TGGCGCACACCTGGTG-1 HEK#TCAAGACTCGCACCGA-1 HEK#CTTGAAGTCTCTGCGT-1 HEK#GTGTCCTAGCAACTGG-1 
             0.8007446              0.9297910              1.0955869              1.1123665              1.0299829 
HEK#AATGGCTTCTGTTTAC-1 
             0.3527585 


PlotParams-1$title: length = 1
[1] "seuratUMAP of seurat colored by\nGeneScoreMatrix : ZNF225"


PlotParams-1$x: length = 4755
[1] -3.30995272 -1.56786869  0.01882197 -1.32863949 -2.76726673 -0.52993511


PlotParams-1$y: length = 4755
[1] -2.323137 -3.325631 -2.427774 -4.357421 -1.933482 -1.771912


PlotParams-1$baseSize: length = 1
[1] 10


PlotParams-1$xlabel: length = 1
[1] "UMAP1"


PlotParams-1$ylabel: length = 1
[1] "UMAP2"


PlotParams-1$pal: length = 256
[1] "#000436" "#000439" "#00053D" "#000640" "#000744" "#000848"


PlotParams-1$colorTitle: length = 1
[1] "Log2(NormCounts + 1)"



------- Completed

End Time : 2024-07-02 13:15:57
Elapsed Time Minutes = 0.0250024676322937
Elapsed Time Hours = 0.000416740576426188

-------



