
           ___      .______        ______  __    __  .______      
          /   \     |   _  \      /      ||  |  |  | |   _  \     
         /  ^  \    |  |_)  |    |  ,----'|  |__|  | |  |_)  |    
        /  /_\  \   |      /     |  |     |   __   | |      /     
       /  _____  \  |  |\  \\___ |  `----.|  |  |  | |  |\  \\___.
      /__/     \__\ | _| `._____| \______||__|  |__| | _| `._____|
    
Logging With ArchR!

Start Time : 2024-07-02 14:45:26

------- ArchR Info

ArchRThreads = 4
ArchRGenome = Hg38

------- System Info

Computer OS = unix
Total Cores = 10

------- Session Info

R version 4.2.2 (2022-10-31)
Platform: aarch64-apple-darwin20 (64-bit)
Running under: macOS 14.2.1

Matrix products: default
LAPACK: /Library/Frameworks/R.framework/Versions/4.2-arm64/Resources/lib/libRlapack.dylib

Random number generation:
 RNG:     L'Ecuyer-CMRG 
 Normal:  Inversion 
 Sample:  Rejection 
 
locale:
[1] en_US.UTF-8/en_US.UTF-8/en_US.UTF-8/C/en_US.UTF-8/en_US.UTF-8

attached base packages:
 [1] parallel  stats4    grid      stats     graphics  grDevices utils     datasets  methods   base     

other attached packages:
 [1] hexbin_1.28.3                     tidyr_1.3.0                       circlize_0.4.16                  
 [4] ComplexHeatmap_2.14.0             presto_1.0.0                      nabor_0.5.0                      
 [7] Rsamtools_2.14.0                  BSgenome.Hsapiens.UCSC.hg38_1.4.5 BSgenome_1.66.3                  
[10] rtracklayer_1.58.0                Biostrings_2.66.0                 XVector_0.38.0                   
[13] dplyr_1.1.3                       harmony_0.1.1                     Signac_1.10.0                    
[16] SeuratObject_4.1.3                Seurat_4.1.1.9001                 rhdf5_2.42.1                     
[19] SummarizedExperiment_1.28.0       Biobase_2.58.0                    MatrixGenerics_1.10.0            
[22] Rcpp_1.0.11                       Matrix_1.5-4.1                    GenomicRanges_1.50.2             
[25] GenomeInfoDb_1.34.9               IRanges_2.32.0                    S4Vectors_0.36.2                 
[28] BiocGenerics_0.44.0               matrixStats_1.0.0                 data.table_1.14.8                
[31] stringr_1.5.0                     plyr_1.8.8                        magrittr_2.0.3                   
[34] ggplot2_3.4.3                     gtable_0.3.4                      gtools_3.9.4                     
[37] gridExtra_2.3                     ArchR_1.0.2                      

loaded via a namespace (and not attached):
  [1] utf8_1.2.3               spatstat.explore_3.2-3   reticulate_1.32.0        tidyselect_1.2.0        
  [5] htmlwidgets_1.6.2        BiocParallel_1.32.6      Rtsne_0.16               munsell_0.5.0           
  [9] codetools_0.2-19         ragg_1.2.5               ica_1.0-3                future_1.33.0           
 [13] miniUI_0.1.1.1           withr_2.5.0              spatstat.random_3.1-6    colorspace_2.1-0        
 [17] progressr_0.14.0         knitr_1.44               rstudioapi_0.15.0        ROCR_1.0-11             
 [21] ggsignif_0.6.4           tensor_1.5               listenv_0.9.0            labeling_0.4.3          
 [25] GenomeInfoDbData_1.2.9   mnormt_2.1.1             polyclip_1.10-4          farver_2.1.1            
 [29] parallelly_1.36.0        vctrs_0.6.3              generics_0.1.3           xfun_0.40               
 [33] R6_2.5.1                 doParallel_1.0.17        clue_0.3-65              bitops_1.0-7            
 [37] rhdf5filters_1.10.1      spatstat.utils_3.0-3     DelayedArray_0.24.0      promises_1.2.1          
 [41] BiocIO_1.8.0             scales_1.2.1             Cairo_1.6-1              globals_0.16.2          
 [45] goftest_1.2-3            rlang_1.1.1              systemfonts_1.0.4        RcppRoll_0.3.0          
 [49] GlobalOptions_0.1.2      splines_4.2.2            rstatix_0.7.2            lazyeval_0.2.2          
 [53] broom_1.0.5              spatstat.geom_3.2-5      yaml_2.3.7               reshape2_1.4.4          
 [57] abind_1.4-5              backports_1.4.1          httpuv_1.6.11            tools_4.2.2             
 [61] psych_2.3.6              ellipsis_0.3.2           RColorBrewer_1.1-3       ggridges_0.5.4          
 [65] zlibbioc_1.44.0          purrr_1.0.2              RCurl_1.98-1.12          ggpubr_0.6.0            
 [69] deldir_1.0-9             GetoptLong_1.0.5         pbapply_1.7-2            cowplot_1.1.1           
 [73] zoo_1.8-12               ggrepel_0.9.3            cluster_2.1.4            RSpectra_0.16-1         
 [77] scattermore_1.2          lmtest_0.9-40            RANN_2.6.1               fitdistrplus_1.1-11     
 [81] patchwork_1.1.3          mime_0.12                evaluate_0.21            xtable_1.8-4            
 [85] XML_3.99-0.14            readxl_1.4.3             shape_1.4.6              fastDummies_1.7.3       
 [89] compiler_4.2.2           tibble_3.2.1             KernSmooth_2.23-22       crayon_1.5.2            
 [93] htmltools_0.5.6          later_1.3.1              MASS_7.3-60              car_3.1-2               
 [97] cli_3.6.1                igraph_1.5.1             pkgconfig_2.0.3          GenomicAlignments_1.34.1
[101] sp_2.0-0                 plotly_4.10.2            spatstat.sparse_3.0-2    foreach_1.5.2           
[105] digest_0.6.33            sctransform_0.3.5        RcppAnnoy_0.0.21         spatstat.data_3.0-1     
[109] rmarkdown_2.25           cellranger_1.1.0         leiden_0.4.3             fastmatch_1.1-4         
[113] uwot_0.1.16              restfulr_0.0.15          shiny_1.7.5              rjson_0.2.21            
[117] lifecycle_1.0.3          nlme_3.1-163             jsonlite_1.8.7           Rhdf5lib_1.20.0         
[121] carData_3.0-5            viridisLite_0.4.2        fansi_1.0.4              pillar_1.9.0            
[125] lattice_0.21-8           fastmap_1.1.1            httr_1.4.7               survival_3.5-7          
[129] glue_1.6.2               iterators_1.0.14         png_0.1-8                stringi_1.7.12          
[133] textshaping_0.3.6        RcppHNSW_0.5.0           irlba_2.3.5.1            future.apply_1.11.0     


------- Log Info


2024-07-02 14:45:26 : Input-Parameters, Class = list

Input-Parameters$: length = 1
                       
1 function (name)      
2 .Internal(args(name))


Input-Parameters$ArchRProj: length = 1

Input-Parameters$groupBy: length = 1
[1] "CLusters2"


Input-Parameters$useGroups: length = 1
[1] "CTRL"


Input-Parameters$bgdGroups: length = 1
[1] "KI36_2"


Input-Parameters$useMatrix: length = 1
[1] "GeneScoreMatrix"


Input-Parameters$bias: length = 2
[1] "TSSEnrichment" "log10(nFrags)"


Input-Parameters$normBy: length = 0
NULL


Input-Parameters$testMethod: length = 1
[1] "wilcoxon"


Input-Parameters$maxCells: length = 1
[1] 500


Input-Parameters$scaleTo: length = 1
[1] 10000


Input-Parameters$threads: length = 1
[1] 4


Input-Parameters$k: length = 1
[1] 100


Input-Parameters$bufferRatio: length = 1
[1] 0.8


Input-Parameters$binarize: length = 1
[1] FALSE


Input-Parameters$useSeqnames: length = 0
NULL


Input-Parameters$verbose: length = 1
[1] TRUE


Input-Parameters$logFile: length = 1
[1] "ArchRLogs/ArchR-getMarkerFeatures-5a33dfe5b73-Date-2024-07-02_Time-14-45-26.log"


Input-Parameters$ArchRProj: length = 1

Input-Parameters$groupBy: length = 1
[1] "CLusters2"


Input-Parameters$useGroups: length = 1
[1] "CTRL"


Input-Parameters$bgdGroups: length = 1
[1] "KI36_2"


Input-Parameters$useMatrix: length = 1
[1] "GeneScoreMatrix"


Input-Parameters$bias: length = 2
[1] "TSSEnrichment" "log10(nFrags)"


Input-Parameters$normBy: length = 0
NULL


Input-Parameters$testMethod: length = 1
[1] "wilcoxon"


Input-Parameters$maxCells: length = 1
[1] 500


Input-Parameters$scaleTo: length = 1
[1] 10000


Input-Parameters$threads: length = 1
[1] 4


Input-Parameters$k: length = 1
[1] 100


Input-Parameters$bufferRatio: length = 1
[1] 0.8


Input-Parameters$binarize: length = 1
[1] FALSE


Input-Parameters$useSeqnames: length = 0
NULL


Input-Parameters$verbose: length = 1
[1] TRUE


Input-Parameters$logFile: length = 1
[1] "ArchRLogs/ArchR-getMarkerFeatures-5a33dfe5b73-Date-2024-07-02_Time-14-45-26.log"



2024-07-02 14:45:26 : FeaturesPerSeqnames, Class = integer

FeaturesPerSeqnames: length = 2
[1]  327 2452



2024-07-02 14:45:26 : FeatureDF, Class = DFrame
DataFrame with 24919 rows and 6 columns
      seqnames     start       end  strand         name     idx
         <Rle>   <array>   <array> <array>      <array> <array>
1         chr1     69091     70008       1        OR4F5       1
2         chr1    140339    139790       2    LOC729737       2
3         chr1    629010    585990       2 LOC101928626       3
4         chr1    817371    819837       1       FAM87B       4
5         chr1    825138    859446       1    LINC01128       5
...        ...       ...       ...     ...          ...     ...
24915     chrX 155264589 155258241       2       RAB39B     952
24916     chrX 155334657 155276211       2        CLIC2     953
24917     chrX 155380787 155381134       1       H2AFB1     954
24918     chrX 155382115 155383230       1         F8A2     955
24919     chrX 155669944 155490115       2        TMLHE     956


2024-07-02 14:45:26 : MatrixClass = Sparse.Double.Matrix
2024-07-02 14:45:26 : Matching Known Biases, 0.001 mins elapsed.

2024-07-02 14:45:27 : MatchSummary CTRL, Class = list

MatchSummary CTRL$cells: length = 420
[1] 2181 4525 3618 3180 1086 2991


MatchSummary CTRL$bgd: length = 420
[1] 2201 4468 3622 3207  884 2920


MatchSummary CTRL$summaryCells: nRows = 5, nCols = 3
              TSSEnrichment log10(nFrags)       name
median            11.008500     3.7471397 foreground
mean              11.200276     3.7447369 foreground
sd                 2.616869     0.2169459 foreground
lowerQuartile      9.521250     3.5899212 foreground
upperQuartile     13.000250     3.8908386 foreground


MatchSummary CTRL$summaryBgd: nRows = 5, nCols = 3
              TSSEnrichment log10(nFrags)       name
median            10.886000     3.7242299 background
mean              10.991595     3.7378337 background
sd                 2.570436     0.2632072 background
lowerQuartile      9.292500     3.5658478 background
upperQuartile     12.723000     3.9140379 background


MatchSummary CTRL$bgdGroups: nRows = 2, nCols = 1
       KI36_2
estbgd    500
obsbgd    420


MatchSummary CTRL$bgdGroupsProbs: nRows = 2, nCols = 1
        KI36_2
estbgdP    100
obsbgdP    100


MatchSummary CTRL$corbgdGroups: length = 1
[1] NA


MatchSummary CTRL$n: length = 1
[1] 1244


MatchSummary CTRL$p: length = 1
[1] 1


MatchSummary CTRL$group: length = 1
[1] "CTRL"


MatchSummary CTRL$k: length = 1
[1] 100


2024-07-02 14:45:27 : Computing Pairwise Tests (1 of 1), 0.014 mins elapsed.

2024-07-02 14:45:27 : CTRL_cellsx, Class = character

CTRL_cellsx: length = 420
[1] "HEK#CCAGATAAGATCACCT-1" "HEK#TTAGGTGGTTCCATCC-1" "HEK#GAACCGCCATTCACGA-1" "HEK#CAGTGCGAGATACCAA-1"
[5] "HEK#GTCACAACAGTCAGCC-1" "HEK#TTGAGCACAGAAAGAG-1"



2024-07-02 14:45:27 : CTRL_bgdx, Class = character

CTRL_bgdx: length = 420
[1] "HEK#AAGGAGCTCGCGGCAT-1" "HEK#GGCACGTTCGGATAAA-1" "HEK#ACTACCCCAAGCCAGA-1" "HEK#TGGACATGTCTTAGCA-1"
[5] "HEK#TGTAGCAGTTACTACG-1" "HEK#AGCCAGCTCTCGGCGA-1"



2024-07-02 14:45:27 : Pairwise Test CTRL : Seqnames chr1

2024-07-02 14:45:28 : CTRL_chr1_scMaty, Class = dgCMatrix
CTRL_chr1_scMaty: nRows = 2452, nCols = 840
CTRL_chr1_scMaty: NonZeroEntries = 509258, EntryRange = [ 0.049 , 105.378 ]
5 x 5 sparse Matrix of class "dgCMatrix"
     HEK#CCAGATAAGATCACCT-1 HEK#TTAGGTGGTTCCATCC-1 HEK#GAACCGCCATTCACGA-1 HEK#CAGTGCGAGATACCAA-1 HEK#GTCACAACAGTCAGCC-1
[1,]                      .                      .                      .                      .                      .
[2,]                      .                      .                      .                      .                      .
[3,]                      .                      .                      .                      .                      .
[4,]                      .                      .                      .                      .                      .
[5,]                      .                      .                      .                      .                      .



2024-07-02 14:45:28 : CTRL_chr1_diffResult, Class = data.frame
CTRL_chr1_diffResult: nRows = 2452, nCols = 8
   log2Mean     log2FC       fdr      pval      mean1      mean2   n       auc
f1 0.000000  0.0000000 1.0000000 1.0000000 0.00000000 0.00000000 420 0.5000000
f2 0.000000  0.0000000 1.0000000 1.0000000 0.00000000 0.00000000 420 0.5000000
f3 0.000000  0.0000000 1.0000000 1.0000000 0.00000000 0.00000000 420 0.5000000
f4 4.800796  0.6594810 0.9370475 0.8417104 0.07889275 0.04907391 420 0.4988719
f5 6.400529 -0.3184663 0.3783801 0.1222174 0.17665002 0.22087142 420 0.4816582
f6 7.476418 -0.3060297 0.5142012 0.2206116 0.37682626 0.46643320 420 0.4854082



2024-07-02 14:45:28 : Pairwise Test CTRL : Seqnames chr10

2024-07-02 14:45:29 : CTRL_chr10_scMaty, Class = dgCMatrix
CTRL_chr10_scMaty: nRows = 970, nCols = 840
CTRL_chr10_scMaty: NonZeroEntries = 217711, EntryRange = [ 0.055 , 140.555 ]
5 x 5 sparse Matrix of class "dgCMatrix"
     HEK#CCAGATAAGATCACCT-1 HEK#TTAGGTGGTTCCATCC-1 HEK#GAACCGCCATTCACGA-1 HEK#CAGTGCGAGATACCAA-1 HEK#GTCACAACAGTCAGCC-1
[1,]                  .                          .                  .                          .                  .    
[2,]                  .                          .                  1.423                      .                  .    
[3,]                  1.601                      .                  2.568                      .                  0.515
[4,]                  .                          .                  .                          .                  .    
[5,]                  0.392                      .                  .                          .                  0.252



2024-07-02 14:45:29 : CTRL_chr10_diffResult, Class = data.frame
CTRL_chr10_diffResult: nRows = 970, nCols = 8
      log2Mean       log2FC       fdr       pval      mean1      mean2   n       auc
f2453 5.689592 -0.471851663 0.2337166 0.11027256 0.10058330 0.14041898 420 0.4829082
f2454 7.245058 -0.349761768 0.1602985 0.06330725 0.31523562 0.40237378 420 0.4701559
f2455 9.057405 -0.130381816 0.7682895 0.64868983 1.20886895 1.32343302 420 0.4911111
f2456 5.078458  0.724260252 0.8617875 0.78360467 0.09784745 0.05828803 420 0.5012585
f2457 7.000726  0.239952379 0.4848791 0.30842309 0.32783323 0.27723559 420 0.5158022
f2458 8.067615 -0.002060092 0.7732730 0.65927505 0.63593323 0.63684536 420 0.4919076



2024-07-02 14:45:29 : Pairwise Test CTRL : Seqnames chr11

2024-07-02 14:45:29 : CTRL_chr11_scMaty, Class = dgCMatrix
CTRL_chr11_scMaty: nRows = 1563, nCols = 840
CTRL_chr11_scMaty: NonZeroEntries = 240258, EntryRange = [ 0.038 , 53.57 ]
5 x 5 sparse Matrix of class "dgCMatrix"
     HEK#CCAGATAAGATCACCT-1 HEK#TTAGGTGGTTCCATCC-1 HEK#GAACCGCCATTCACGA-1 HEK#CAGTGCGAGATACCAA-1 HEK#GTCACAACAGTCAGCC-1
[1,]                      .                      .                      .                      .                      .
[2,]                      .                      .                      .                      .                      .
[3,]                      .                      .                      .                      .                      .
[4,]                      .                      .                      .                      .                      .
[5,]                      .                      .                      .                      .                      .



2024-07-02 14:45:29 : CTRL_chr11_diffResult, Class = data.frame
CTRL_chr11_diffResult: nRows = 1563, nCols = 8
      log2Mean     log2FC        fdr        pval     mean1       mean2   n       auc
f3423 0.000000 0.00000000 1.00000000 1.000000000 0.0000000 0.000000000 420 0.5000000
f3424 7.249511 0.22395371 0.29972603 0.103935706 0.3879856 0.331857042 420 0.5233107
f3425 0.000000 0.00000000 1.00000000 1.000000000 0.0000000 0.000000000 420 0.5000000
f3426 4.868143 3.35846531 0.05018432 0.004109784 0.1243357 0.009973823 420 0.5131236
f3427 8.056635 0.16879153 0.23798284 0.067451310 0.6685879 0.594504574 420 0.5263804
f3428 8.912771 0.07006211 0.38204087 0.162300153 1.1730020 1.117285343 420 0.5197732



2024-07-02 14:45:29 : Pairwise Test CTRL : Seqnames chr12

2024-07-02 14:45:30 : CTRL_chr12_scMaty, Class = dgCMatrix
CTRL_chr12_scMaty: nRows = 1274, nCols = 840
CTRL_chr12_scMaty: NonZeroEntries = 231555, EntryRange = [ 0.046 , 43.422 ]
5 x 5 sparse Matrix of class "dgCMatrix"
     HEK#CCAGATAAGATCACCT-1 HEK#TTAGGTGGTTCCATCC-1 HEK#GAACCGCCATTCACGA-1 HEK#CAGTGCGAGATACCAA-1 HEK#GTCACAACAGTCAGCC-1
[1,]                  .                          .                      .                  .                      .    
[2,]                  1.792                      .                      .                  1.218                  1.729
[3,]                  1.683                      .                      .                  0.902                  1.082
[4,]                  .                          .                      .                  0.477                  .    
[5,]                  .                          .                      .                  .                      .    



2024-07-02 14:45:30 : CTRL_chr12_diffResult, Class = data.frame
CTRL_chr12_diffResult: nRows = 1274, nCols = 8
      log2Mean      log2FC       fdr      pval     mean1     mean2   n       auc
f4986 0.000000  0.00000000 1.0000000 1.0000000 0.0000000 0.0000000 420 0.5000000
f4987 7.966776 -0.05502281 0.8430265 0.6438499 0.5819094 0.6046240 420 0.5080726
f4988 6.831415 -0.04080727 0.6466526 0.3893113 0.2649357 0.2726048 420 0.5117602
f4989 7.073338  0.23210113 0.5884802 0.3083134 0.3440118 0.2925358 420 0.5150539
f4990 6.943306  0.06529445 0.8713793 0.6921789 0.2972666 0.2840072 420 0.5041327
f4991 6.357754  0.34104002 0.4090505 0.1534742 0.2158572 0.1699119 420 0.5166156



2024-07-02 14:45:30 : Pairwise Test CTRL : Seqnames chr13

2024-07-02 14:45:30 : CTRL_chr13_scMaty, Class = dgCMatrix
CTRL_chr13_scMaty: nRows = 559, nCols = 840
CTRL_chr13_scMaty: NonZeroEntries = 108434, EntryRange = [ 0.048 , 50.32 ]
5 x 5 sparse Matrix of class "dgCMatrix"
     HEK#CCAGATAAGATCACCT-1 HEK#TTAGGTGGTTCCATCC-1 HEK#GAACCGCCATTCACGA-1 HEK#CAGTGCGAGATACCAA-1 HEK#GTCACAACAGTCAGCC-1
[1,]                      .                      .                      .                      .                      .
[2,]                      .                      .                      .                      .                      .
[3,]                      .                      .                      .                      .                      .
[4,]                      .                      .                      .                      .                      .
[5,]                      .                      .                      .                      .                      .



2024-07-02 14:45:30 : CTRL_chr13_diffResult, Class = data.frame
CTRL_chr13_diffResult: nRows = 559, nCols = 8
      log2Mean      log2FC          fdr         pval      mean1      mean2   n       auc
f6260 4.325530 -1.55784290 0.0001037567 1.967479e-05 0.02182619 0.06888809 420 0.4597534
f6261 4.952846 -0.29250644 0.8031027011 7.097187e-01 0.06390959 0.07880947 420 0.5023101
f6262 4.905832 -0.04774494 0.6811014615 5.629139e-01 0.06781428 0.07017621 420 0.4954507
f6263 5.411493  0.00813342 0.1890712620 1.038126e-01 0.09924274 0.09867143 420 0.4838634
f6264 5.110718 -0.56255579 0.0538016521 2.001922e-02 0.06404757 0.09572622 420 0.4776304
f6265 4.927352 -0.75919871 0.0764694209 3.164638e-02 0.05143333 0.08870242 420 0.4834609



2024-07-02 14:45:30 : Pairwise Test CTRL : Seqnames chr14

2024-07-02 14:45:31 : CTRL_chr14_scMaty, Class = dgCMatrix
CTRL_chr14_scMaty: nRows = 850, nCols = 840
CTRL_chr14_scMaty: NonZeroEntries = 138877, EntryRange = [ 0.064 , 71.122 ]
5 x 5 sparse Matrix of class "dgCMatrix"
     HEK#CCAGATAAGATCACCT-1 HEK#TTAGGTGGTTCCATCC-1 HEK#GAACCGCCATTCACGA-1 HEK#CAGTGCGAGATACCAA-1 HEK#GTCACAACAGTCAGCC-1
[1,]                      .                      .                      .                      .                      .
[2,]                      .                      .                      .                      .                      .
[3,]                      .                      .                      .                      .                      .
[4,]                      .                      .                      .                      .                      .
[5,]                      .                      .                      .                      .                      .



2024-07-02 14:45:31 : CTRL_chr14_diffResult, Class = data.frame
CTRL_chr14_diffResult: nRows = 850, nCols = 8
      log2Mean     log2FC       fdr     pval      mean1      mean2   n       auc
f6819 0.000000  0.0000000 1.0000000 1.000000 0.00000000 0.00000000 420 0.5000000
f6820 4.387018 -0.2911375 0.7636898 0.552925 0.04242617 0.05244525 420 0.4954308
f6821 0.000000  0.0000000 1.0000000 1.000000 0.00000000 0.00000000 420 0.5000000
f6822 0.000000  0.0000000 1.0000000 1.000000 0.00000000 0.00000000 420 0.5000000
f6823 0.000000  0.0000000 1.0000000 1.000000 0.00000000 0.00000000 420 0.5000000
f6824 0.000000  0.0000000 1.0000000 1.000000 0.00000000 0.00000000 420 0.5000000



2024-07-02 14:45:31 : Pairwise Test CTRL : Seqnames chr15

2024-07-02 14:45:31 : CTRL_chr15_scMaty, Class = dgCMatrix
CTRL_chr15_scMaty: nRows = 817, nCols = 840
CTRL_chr15_scMaty: NonZeroEntries = 112902, EntryRange = [ 0.054 , 41.481 ]
5 x 5 sparse Matrix of class "dgCMatrix"
     HEK#CCAGATAAGATCACCT-1 HEK#TTAGGTGGTTCCATCC-1 HEK#GAACCGCCATTCACGA-1 HEK#CAGTGCGAGATACCAA-1 HEK#GTCACAACAGTCAGCC-1
[1,]                      .                      .                      .                      .                      .
[2,]                      .                      .                      .                      .                      .
[3,]                      .                      .                      .                      .                      .
[4,]                      .                      .                      .                      .                      .
[5,]                      .                      .                      .                      .                      .



2024-07-02 14:45:31 : CTRL_chr15_diffResult, Class = data.frame
CTRL_chr15_diffResult: nRows = 817, nCols = 8
      log2Mean log2FC fdr pval mean1 mean2   n auc
f7669        0      0   1    1     0     0 420 0.5
f7670        0      0   1    1     0     0 420 0.5
f7671        0      0   1    1     0     0 420 0.5
f7672        0      0   1    1     0     0 420 0.5
f7673        0      0   1    1     0     0 420 0.5
f7674        0      0   1    1     0     0 420 0.5



2024-07-02 14:45:31 : Pairwise Test CTRL : Seqnames chr16

2024-07-02 14:45:32 : CTRL_chr16_scMaty, Class = dgCMatrix
CTRL_chr16_scMaty: nRows = 1001, nCols = 840
CTRL_chr16_scMaty: NonZeroEntries = 167874, EntryRange = [ 0.06 , 118.726 ]
5 x 5 sparse Matrix of class "dgCMatrix"
     HEK#CCAGATAAGATCACCT-1 HEK#TTAGGTGGTTCCATCC-1 HEK#GAACCGCCATTCACGA-1 HEK#CAGTGCGAGATACCAA-1 HEK#GTCACAACAGTCAGCC-1
[1,]                  0.926                      .                      .                      .                  0.862
[2,]                  0.881                      .                      .                      .                  1.302
[3,]                  .                          .                      .                      .                  1.517
[4,]                  .                          .                      .                      .                  .    
[5,]                  .                          .                      .                      .                  .    



2024-07-02 14:45:32 : CTRL_chr16_diffResult, Class = data.frame
CTRL_chr16_diffResult: nRows = 1001, nCols = 8
      log2Mean    log2FC          fdr         pval     mean1     mean2   n       auc
f8486 6.295402 0.2142928 0.6255603059 3.755862e-01 0.1984882 0.1707619 420 0.5092942
f8487 7.267269 1.3247846 0.0002119422 2.752496e-06 0.5219001 0.2069166 420 0.5599376
f8488 7.330388 1.5197333 0.0002051390 2.459209e-06 0.5658382 0.1957857 420 0.5556973
f8489 6.645161 0.8401617 0.0158368509 4.429888e-04 0.3034238 0.1684357 420 0.5392120
f8490 6.838372 0.9154080 0.0268906174 1.155141e-03 0.3537332 0.1864286 420 0.5349490
f8491 6.663693 1.3157625 0.0014165989 2.405812e-05 0.3420428 0.1359786 420 0.5548044



2024-07-02 14:45:32 : Pairwise Test CTRL : Seqnames chr17

2024-07-02 14:45:33 : CTRL_chr17_scMaty, Class = dgCMatrix
CTRL_chr17_scMaty: nRows = 1426, nCols = 840
CTRL_chr17_scMaty: NonZeroEntries = 241524, EntryRange = [ 0.053 , 46.569 ]
5 x 5 sparse Matrix of class "dgCMatrix"
     HEK#CCAGATAAGATCACCT-1 HEK#TTAGGTGGTTCCATCC-1 HEK#GAACCGCCATTCACGA-1 HEK#CAGTGCGAGATACCAA-1 HEK#GTCACAACAGTCAGCC-1
[1,]                   .                         .                      .                      .                  .    
[2,]                   .                         .                      .                      .                  0.717
[3,]                   .                         .                      .                      .                  .    
[4,]                   0.85                      .                      .                      .                  .    
[5,]                   .                         .                      .                      .                  .    



2024-07-02 14:45:33 : CTRL_chr17_diffResult, Class = data.frame
CTRL_chr17_diffResult: nRows = 1426, nCols = 8
       log2Mean      log2FC       fdr       pval       mean1      mean2   n       auc
f9487 0.7320525  1.21536855 0.6703584 0.31846412 0.003147621 0.00000000 420 0.5011905
f9488 5.7659456  0.32376988 0.4822384 0.13676495 0.141657055 0.11270244 420 0.5145833
f9489 5.7669792 -0.03462905 0.9367681 0.77353450 0.125716638 0.12882857 420 0.5023101
f9490 6.6046350  0.49172189 0.1307721 0.01102388 0.268438167 0.19021905 420 0.5325964
f9491 5.8940904  0.88988747 0.5241970 0.17358782 0.181550063 0.09687856 420 0.5131718
f9492 7.0375582  0.81101463 0.1255414 0.01030038 0.396095305 0.22474289 420 0.5343282



2024-07-02 14:45:33 : Pairwise Test CTRL : Seqnames chr18

2024-07-02 14:45:33 : CTRL_chr18_scMaty, Class = dgCMatrix
CTRL_chr18_scMaty: nRows = 384, nCols = 840
CTRL_chr18_scMaty: NonZeroEntries = 72719, EntryRange = [ 0.05 , 41.885 ]
5 x 5 sparse Matrix of class "dgCMatrix"
     HEK#CCAGATAAGATCACCT-1 HEK#TTAGGTGGTTCCATCC-1 HEK#GAACCGCCATTCACGA-1 HEK#CAGTGCGAGATACCAA-1 HEK#GTCACAACAGTCAGCC-1
[1,]                  0.627                      .                      .                      .                      .
[2,]                  1.026                      .                      .                      .                      .
[3,]                  1.015                      .                      .                      .                      .
[4,]                  .                          .                      .                      .                      .
[5,]                  0.845                      .                      .                      .                      .



2024-07-02 14:45:33 : CTRL_chr18_diffResult, Class = data.frame
CTRL_chr18_diffResult: nRows = 384, nCols = 8
       log2Mean      log2FC       fdr       pval      mean1      mean2   n       auc
f10913 4.182216  0.09094289 0.7508251 0.67261418 0.04220476 0.03948097 420 0.4965760
f10914 5.538988 -0.22014637 0.6117627 0.45882205 0.09989044 0.11675005 420 0.4930130
f10915 6.472796  0.05000103 1.0000000 0.99287470 0.21275707 0.20542853 420 0.4998810
f10916 6.384559 -0.15626876 0.3780504 0.22938994 0.18578328 0.20730950 420 0.4840023
f10917 7.942784 -0.25519909 0.1915282 0.09476654 0.53176421 0.63512152 420 0.4699405
f10918 5.801392 -0.35100622 0.4009088 0.24951537 0.11432859 0.14647623 420 0.4883078



2024-07-02 14:45:33 : Pairwise Test CTRL : Seqnames chr19

2024-07-02 14:45:34 : CTRL_chr19_scMaty, Class = dgCMatrix
CTRL_chr19_scMaty: nRows = 1653, nCols = 840
CTRL_chr19_scMaty: NonZeroEntries = 258936, EntryRange = [ 0.052 , 83.718 ]
5 x 5 sparse Matrix of class "dgCMatrix"
     HEK#CCAGATAAGATCACCT-1 HEK#TTAGGTGGTTCCATCC-1 HEK#GAACCGCCATTCACGA-1 HEK#CAGTGCGAGATACCAA-1 HEK#GTCACAACAGTCAGCC-1
[1,]                      .                      .                      .                      .                      .
[2,]                      .                      .                      .                      .                      .
[3,]                      .                      .                      .                      .                      .
[4,]                      .                      .                      .                      .                      .
[5,]                      .                      .                      .                      .                      .



2024-07-02 14:45:34 : CTRL_chr19_diffResult, Class = data.frame
CTRL_chr19_diffResult: nRows = 1653, nCols = 8
       log2Mean     log2FC          fdr         pval       mean1      mean2   n       auc
f11297 0.000000  0.0000000 1.000000e+00 1.000000e+00 0.000000000 0.00000000 420 0.5000000
f11298 3.046665 -1.7744537 1.632408e-02 2.528110e-03 0.006519038 0.02806667 420 0.4833447
f11299 6.139429 -1.6925281 1.117432e-04 2.501210e-06 0.076935646 0.25398823 420 0.4550170
f11300 6.301085 -0.8543450 1.910557e-01 9.951538e-02 0.131342852 0.23938337 420 0.4806746
f11301 5.518220 -0.1997082 2.649570e-01 1.601283e-01 0.099197594 0.11427856 420 0.4862330
f11302 6.875719 -1.7439582 1.979996e-05 3.234113e-07 0.126187981 0.42826441 420 0.4447874



2024-07-02 14:45:34 : Pairwise Test CTRL : Seqnames chr2

2024-07-02 14:45:34 : CTRL_chr2_scMaty, Class = dgCMatrix
CTRL_chr2_scMaty: nRows = 1580, nCols = 840
CTRL_chr2_scMaty: NonZeroEntries = 331633, EntryRange = [ 0.044 , 83.067 ]
5 x 5 sparse Matrix of class "dgCMatrix"
     HEK#CCAGATAAGATCACCT-1 HEK#TTAGGTGGTTCCATCC-1 HEK#GAACCGCCATTCACGA-1 HEK#CAGTGCGAGATACCAA-1 HEK#GTCACAACAGTCAGCC-1
[1,]                  0.523                      .                   .                         .                   1.25
[2,]                  0.285                      .                   .                         .                   .   
[3,]                  .                          .                   .                         .                   .   
[4,]                  .                          .                   .                         .                   .   
[5,]                  .                          .                   0.77                      .                   .   



2024-07-02 14:45:34 : CTRL_chr2_diffResult, Class = data.frame
CTRL_chr2_diffResult: nRows = 1580, nCols = 8
       log2Mean     log2FC       fdr       pval     mean1     mean2   n       auc
f12950 6.570326 -0.3157803 0.2120315 0.08776494 0.1992191 0.2485476 420 0.4777154
f12951 6.541794  0.2176912 0.8459276 0.73563576 0.2361572 0.2027476 420 0.5047477
f12952 6.107186  0.3714178 0.4102693 0.23058098 0.1827643 0.1407405 420 0.5107540
f12953 6.225160  0.3599377 0.4534853 0.26405473 0.1978431 0.1536333 420 0.4866950
f12954 9.122178 -0.1122623 0.7630620 0.62348929 1.2728071 1.3759977 420 0.4906576
f12955 7.202128 -0.1982910 0.5768622 0.39102496 0.3241594 0.3722714 420 0.4847732



2024-07-02 14:45:34 : Pairwise Test CTRL : Seqnames chr20

2024-07-02 14:45:35 : CTRL_chr20_scMaty, Class = dgCMatrix
CTRL_chr20_scMaty: nRows = 715, nCols = 840
CTRL_chr20_scMaty: NonZeroEntries = 102746, EntryRange = [ 0.07 , 96.113 ]
5 x 5 sparse Matrix of class "dgCMatrix"
     HEK#CCAGATAAGATCACCT-1 HEK#TTAGGTGGTTCCATCC-1 HEK#GAACCGCCATTCACGA-1 HEK#CAGTGCGAGATACCAA-1 HEK#GTCACAACAGTCAGCC-1
[1,]                      .                      .                      .                      .                  0.313
[2,]                      .                      .                      .                      .                  0.648
[3,]                      .                      .                      .                      .                  .    
[4,]                      .                      .                      .                      .                  .    
[5,]                      .                      .                      .                      .                  .    



2024-07-02 14:45:35 : CTRL_chr20_diffResult, Class = data.frame
CTRL_chr20_diffResult: nRows = 715, nCols = 8
       log2Mean     log2FC       fdr       pval      mean1      mean2   n       auc
f14530 4.311102  0.5156941 0.6645569 0.41480984 0.05324043 0.03652377 420 0.5060714
f14531 4.701327  0.1211824 0.6329609 0.38066178 0.06216189 0.05696192 420 0.5058844
f14532 3.966615 -0.5661863 0.7154074 0.48627689 0.02763093 0.04205478 420 0.4964229
f14533 5.365938  0.5274751 0.7248658 0.49791212 0.11355952 0.07805482 420 0.5051049
f14534 5.137544  1.1637854 0.1703941 0.02153307 0.11351417 0.04934766 420 0.5178798
f14535 5.960176  0.7786005 0.3395906 0.10591428 0.18490709 0.10679524 420 0.5146117



2024-07-02 14:45:35 : Pairwise Test CTRL : Seqnames chr21

2024-07-02 14:45:36 : CTRL_chr21_scMaty, Class = dgCMatrix
CTRL_chr21_scMaty: nRows = 327, nCols = 840
CTRL_chr21_scMaty: NonZeroEntries = 59337, EntryRange = [ 0.067 , 290.815 ]
5 x 5 sparse Matrix of class "dgCMatrix"
     HEK#CCAGATAAGATCACCT-1 HEK#TTAGGTGGTTCCATCC-1 HEK#GAACCGCCATTCACGA-1 HEK#CAGTGCGAGATACCAA-1 HEK#GTCACAACAGTCAGCC-1
[1,]                 69.544                  21.86                  9.809                  48.85                 65.378
[2,]                 69.544                  21.86                  9.809                  48.85                 65.378
[3,]                 69.544                  21.86                  9.809                  48.85                 65.378
[4,]                 69.544                  21.86                  9.809                  48.85                 65.378
[5,]                 69.544                  21.86                  9.809                  48.85                 65.378



2024-07-02 14:45:36 : CTRL_chr21_diffResult, Class = data.frame
CTRL_chr21_diffResult: nRows = 327, nCols = 8
        log2Mean     log2FC          fdr         pval     mean1     mean2   n       auc
f15245 14.396196 -0.2693283 2.353702e-06 9.357227e-08 46.557339 56.113560 420 0.3935828
f15246 14.396686 -0.2694311 2.353702e-06 8.760075e-08 46.571348 56.134443 420 0.3933447
f15247 14.396686 -0.2694311 2.353702e-06 8.760075e-08 46.571348 56.134443 420 0.3933447
f15248 14.397214 -0.2691372 2.353702e-06 9.153926e-08 46.593577 56.149796 420 0.3935034
f15249 14.397214 -0.2691371 2.353702e-06 9.153926e-08 46.593579 56.149796 420 0.3935034
f15250  9.731764 -1.2582653 2.511125e-28 7.679283e-31  1.191243  2.852862 420 0.2721287



2024-07-02 14:45:36 : Pairwise Test CTRL : Seqnames chr22

2024-07-02 14:45:36 : CTRL_chr22_scMaty, Class = dgCMatrix
CTRL_chr22_scMaty: nRows = 561, nCols = 840
CTRL_chr22_scMaty: NonZeroEntries = 108014, EntryRange = [ 0.058 , 52.435 ]
5 x 5 sparse Matrix of class "dgCMatrix"
     HEK#CCAGATAAGATCACCT-1 HEK#TTAGGTGGTTCCATCC-1 HEK#GAACCGCCATTCACGA-1 HEK#CAGTGCGAGATACCAA-1 HEK#GTCACAACAGTCAGCC-1
[1,]                  .                          .                      .                      .                      .
[2,]                  .                          .                      .                      .                      .
[3,]                  .                          .                      .                      .                      .
[4,]                  1.184                      .                      .                      .                      .
[5,]                  .                          .                      .                      .                      .



2024-07-02 14:45:36 : CTRL_chr22_diffResult, Class = data.frame
CTRL_chr22_diffResult: nRows = 561, nCols = 8
       log2Mean      log2FC        fdr        pval       mean1      mean2   n       auc
f15572 4.770749 -0.54804018 0.51572334 0.101816444 0.050416615 0.07481427 420 0.4882540
f15573 3.787484 -0.07200145 0.90006973 0.628128677 0.029676173 0.03131666 420 0.4965646
f15574 3.039578 -2.15640203 0.17860923 0.011956379 0.004792857 0.02960001 420 0.4892857
f15575 4.027066  0.25802038 0.90006973 0.618733522 0.039897609 0.03297384 420 0.4967574
f15576 4.689159 -0.25956996 0.58847044 0.205729834 0.053530943 0.06455240 420 0.4895578
f15577 5.376204 -1.32477150 0.04297226 0.001572272 0.054047702 0.13896900 420 0.4725283



2024-07-02 14:45:36 : Pairwise Test CTRL : Seqnames chr3

2024-07-02 14:45:37 : CTRL_chr3_scMaty, Class = dgCMatrix
CTRL_chr3_scMaty: nRows = 1402, nCols = 840
CTRL_chr3_scMaty: NonZeroEntries = 275629, EntryRange = [ 0.046 , 60.31 ]
5 x 5 sparse Matrix of class "dgCMatrix"
     HEK#CCAGATAAGATCACCT-1 HEK#TTAGGTGGTTCCATCC-1 HEK#GAACCGCCATTCACGA-1 HEK#CAGTGCGAGATACCAA-1 HEK#GTCACAACAGTCAGCC-1
[1,]                  .                          .                      .                  .                      2.658
[2,]                  .                          .                      .                  0.305                  0.537
[3,]                  0.356                      .                      .                  .                      0.853
[4,]                  1.031                      .                      .                  .                      0.806
[5,]                  .                          .                      .                  .                      0.587



2024-07-02 14:45:37 : CTRL_chr3_diffResult, Class = data.frame
CTRL_chr3_diffResult: nRows = 1402, nCols = 8
       log2Mean    log2FC          fdr         pval     mean1      mean2   n       auc
f16133 6.172628 0.8548840 1.659767e-01 8.073900e-02 0.2188167 0.11992140 420 0.5191440
f16134 6.741629 0.6972662 2.130093e-03 2.172634e-04 0.3128095 0.19200956 420 0.5530102
f16135 5.397084 0.9530831 1.045988e-02 1.805485e-03 0.1299358 0.06596426 420 0.5340448
f16136 6.925240 1.1911448 3.385823e-10 1.931996e-12 0.4000953 0.17388562 420 0.6117007
f16137 7.141443 0.8989386 4.532488e-07 4.849309e-09 0.4352405 0.23230716 420 0.5933957
f16138 8.583011 0.9924983 9.584871e-13 2.050971e-15 1.2129073 0.60843103 420 0.6488889



2024-07-02 14:45:37 : Pairwise Test CTRL : Seqnames chr4

2024-07-02 14:45:37 : CTRL_chr4_scMaty, Class = dgCMatrix
CTRL_chr4_scMaty: nRows = 959, nCols = 840
CTRL_chr4_scMaty: NonZeroEntries = 196751, EntryRange = [ 0.045 , 63.151 ]
5 x 5 sparse Matrix of class "dgCMatrix"
     HEK#CCAGATAAGATCACCT-1 HEK#TTAGGTGGTTCCATCC-1 HEK#GAACCGCCATTCACGA-1 HEK#CAGTGCGAGATACCAA-1 HEK#GTCACAACAGTCAGCC-1
[1,]                      .                      .                      .                      .                      .
[2,]                      .                      .                      .                      .                      .
[3,]                      .                      .                      .                      .                      .
[4,]                      .                      .                      .                      .                      .
[5,]                      .                      .                      .                      .                      .



2024-07-02 14:45:37 : CTRL_chr4_diffResult, Class = data.frame
CTRL_chr4_diffResult: nRows = 959, nCols = 8
       log2Mean     log2FC       fdr       pval      mean1      mean2   n       auc
f17535 3.972004  0.1399445 0.9363723 0.85388148 0.03679289 0.03317142 420 0.5012018
f17536 4.942209  0.2246221 0.9256248 0.82620937 0.07650475 0.06513094 420 0.5023639
f17537 4.949582  0.1066833 0.8979871 0.77005161 0.07391190 0.06847380 420 0.4969161
f17538 4.587304  0.4287525 0.8780752 0.73249231 0.06329756 0.04641187 420 0.5026332
f17539 5.650218 -0.4303321 0.8945576 0.75930127 0.09949040 0.13489516 420 0.4972704
f17540 6.831732  0.4263139 0.2237785 0.05978483 0.30861186 0.22904767 420 0.5268112



2024-07-02 14:45:37 : Pairwise Test CTRL : Seqnames chr5

2024-07-02 14:45:38 : CTRL_chr5_scMaty, Class = dgCMatrix
CTRL_chr5_scMaty: nRows = 1162, nCols = 840
CTRL_chr5_scMaty: NonZeroEntries = 266897, EntryRange = [ 0.045 , 79.891 ]
5 x 5 sparse Matrix of class "dgCMatrix"
     HEK#CCAGATAAGATCACCT-1 HEK#TTAGGTGGTTCCATCC-1 HEK#GAACCGCCATTCACGA-1 HEK#CAGTGCGAGATACCAA-1 HEK#GTCACAACAGTCAGCC-1
[1,]                  2.091                      .                  .                      .                      0.181
[2,]                  5.011                      .                  .                      .                      .    
[3,]                  .                          .                  .                      .                      .    
[4,]                  .                          .                  2.892                  .                      0.719
[5,]                  .                          .                  1.269                  1.279                  .    



2024-07-02 14:45:38 : CTRL_chr5_diffResult, Class = data.frame
CTRL_chr5_diffResult: nRows = 1162, nCols = 8
       log2Mean     log2FC         fdr         pval     mean1     mean2   n       auc
f18494 7.281629 -0.3643309 0.093952229 0.0305750900 0.3215475 0.4146072 420 0.4635176
f18495 7.001932 -0.5343715 0.152773109 0.0607411157 0.2469095 0.3586691 420 0.4811763
f18496 7.317331 -0.6440798 0.052182929 0.0138765276 0.2939739 0.4607452 420 0.4656576
f18497 6.654943 -0.6890768 0.013525289 0.0022464551 0.1813166 0.2937856 420 0.4598923
f18498 8.278721 -0.6746792 0.001535429 0.0001431107 0.5672309 0.9068573 420 0.4313464
f18499 8.563212 -0.5225474 0.028092448 0.0061837875 0.7368834 1.0595645 420 0.4605045



2024-07-02 14:45:38 : Pairwise Test CTRL : Seqnames chr6

2024-07-02 14:45:39 : CTRL_chr6_scMaty, Class = dgCMatrix
CTRL_chr6_scMaty: nRows = 1289, nCols = 840
CTRL_chr6_scMaty: NonZeroEntries = 311491, EntryRange = [ 0.051 , 44.361 ]
5 x 5 sparse Matrix of class "dgCMatrix"
     HEK#CCAGATAAGATCACCT-1 HEK#TTAGGTGGTTCCATCC-1 HEK#GAACCGCCATTCACGA-1 HEK#CAGTGCGAGATACCAA-1 HEK#GTCACAACAGTCAGCC-1
[1,]                  .                          .                  .                      .                      .    
[2,]                  .                          .                  .                      .                      0.652
[3,]                  .                          .                  .                      .                      0.173
[4,]                  0.377                      .                  .                      1.887                  .    
[5,]                  0.225                      .                  1.341                  .                      0.538



2024-07-02 14:45:39 : CTRL_chr6_diffResult, Class = data.frame
CTRL_chr6_diffResult: nRows = 1289, nCols = 8
       log2Mean     log2FC       fdr       pval      mean1      mean2   n       auc
f19656 5.315422  0.7312486 0.9913370 0.98212354 0.11595477 0.06890240 420 0.4997902
f19657 6.465779 -0.1321403 0.5439888 0.30427921 0.19843566 0.21769765 420 0.4865136
f19658 3.604664  0.0298871 0.7628720 0.56660475 0.02688334 0.02628333 420 0.4947052
f19659 6.351540  0.3498922 0.2072377 0.06248308 0.21550717 0.16858338 420 0.5238889
f19660 8.083003 -0.2022259 0.5576522 0.32143956 0.59806423 0.68841444 420 0.4817517
f19661 7.841533 -0.2886048 0.3285164 0.13572353 0.48929521 0.59818104 420 0.4745918



2024-07-02 14:45:39 : Pairwise Test CTRL : Seqnames chr7

2024-07-02 14:45:39 : CTRL_chr7_scMaty, Class = dgCMatrix
CTRL_chr7_scMaty: nRows = 1136, nCols = 840
CTRL_chr7_scMaty: NonZeroEntries = 272099, EntryRange = [ 0.059 , 73.969 ]
5 x 5 sparse Matrix of class "dgCMatrix"
     HEK#CCAGATAAGATCACCT-1 HEK#TTAGGTGGTTCCATCC-1 HEK#GAACCGCCATTCACGA-1 HEK#CAGTGCGAGATACCAA-1 HEK#GTCACAACAGTCAGCC-1
[1,]                  0.428                  4.552                      .                      .                  .    
[2,]                  .                      6.239                      .                      .                  .    
[3,]                  .                      .                          .                      .                  .    
[4,]                  0.975                  .                          .                      .                  .    
[5,]                  1.937                  .                          .                      .                  0.451



2024-07-02 14:45:39 : CTRL_chr7_diffResult, Class = data.frame
CTRL_chr7_diffResult: nRows = 1136, nCols = 8
       log2Mean     log2FC          fdr         pval     mean1     mean2   n       auc
f20945 7.457914 -1.1834285 4.547503e-05 5.123948e-06 0.2535572 0.5788952 420 0.4325057
f20946 7.541046 -1.1753720 3.054456e-04 5.108685e-05 0.2697906 0.6123214 420 0.4503515
f20947 6.075939 -0.2051826 7.395147e-01 6.782438e-01 0.1468333 0.1696380 420 0.4966383
f20948 7.019791 -0.3948499 8.265677e-01 7.805002e-01 0.2645714 0.3486096 420 0.5043793
f20949 7.893678 -0.6381781 4.624301e-01 3.876529e-01 0.4406071 0.6870690 420 0.4856349
f20950 7.394677 -0.6941629 5.213613e-02 2.684827e-02 0.3037024 0.4928452 420 0.4634977



2024-07-02 14:45:39 : Pairwise Test CTRL : Seqnames chr8

2024-07-02 14:45:40 : CTRL_chr8_scMaty, Class = dgCMatrix
CTRL_chr8_scMaty: nRows = 897, nCols = 840
CTRL_chr8_scMaty: NonZeroEntries = 156986, EntryRange = [ 0.042 , 41.782 ]
5 x 5 sparse Matrix of class "dgCMatrix"
     HEK#CCAGATAAGATCACCT-1 HEK#TTAGGTGGTTCCATCC-1 HEK#GAACCGCCATTCACGA-1 HEK#CAGTGCGAGATACCAA-1 HEK#GTCACAACAGTCAGCC-1
[1,]                  .                          .                      .                      .                  .    
[2,]                  0.416                      .                      .                      .                  1.247
[3,]                  .                          .                      .                      .                  0.898
[4,]                  .                          .                      .                      .                  0.336
[5,]                  .                          .                      .                      .                  .    



2024-07-02 14:45:40 : CTRL_chr8_diffResult, Class = data.frame
CTRL_chr8_diffResult: nRows = 897, nCols = 8
       log2Mean     log2FC        fdr        pval      mean1      mean2   n       auc
f22081 3.820486 0.44023845 0.51836284 0.390650259 0.03635003 0.02616428 420 0.5047364
f22082 5.776157 1.13470245 0.02793079 0.006134551 0.17692146 0.07927854 420 0.5305896
f22083 5.295411 1.22273460 0.08830234 0.033012097 0.12853340 0.05371189 420 0.5192659
f22084 5.245952 0.05262167 0.89372179 0.817999543 0.08961906 0.08632386 420 0.5021429
f22085 4.914709 0.65812715 0.15199640 0.071168882 0.08553810 0.05333339 420 0.5178997
f22086 7.260732 0.63478394 0.01474296 0.002221602 0.44180729 0.28369283 420 0.5476757



2024-07-02 14:45:40 : Pairwise Test CTRL : Seqnames chr9

2024-07-02 14:45:41 : CTRL_chr9_scMaty, Class = dgCMatrix
CTRL_chr9_scMaty: nRows = 986, nCols = 840
CTRL_chr9_scMaty: NonZeroEntries = 185317, EntryRange = [ 0.052 , 62.512 ]
5 x 5 sparse Matrix of class "dgCMatrix"
     HEK#CCAGATAAGATCACCT-1 HEK#TTAGGTGGTTCCATCC-1 HEK#GAACCGCCATTCACGA-1 HEK#CAGTGCGAGATACCAA-1 HEK#GTCACAACAGTCAGCC-1
[1,]                  0.729                      .                      .                      .                   .   
[2,]                  0.799                      .                      .                      .                   .   
[3,]                  .                          .                      .                      .                   .   
[4,]                  .                          .                      .                      .                   0.53
[5,]                  .                          .                      .                      .                   .   



2024-07-02 14:45:41 : CTRL_chr9_diffResult, Class = data.frame
CTRL_chr9_diffResult: nRows = 986, nCols = 8
       log2Mean      log2FC        fdr        pval      mean1      mean2   n       auc
f22978 5.804338 -0.09519396 0.38751919 0.197271604 0.12628572 0.13506195 420 0.4856066
f22979 5.757489 -0.72321864 0.19609165 0.055947899 0.09479768 0.15804746 420 0.4835232
f22980 4.154373  0.36423604 0.90695085 0.787373152 0.04534047 0.03469287 420 0.4980612
f22981 6.991850 -0.77939936 0.05760811 0.007572474 0.22074040 0.38058813 420 0.4599518
f22982 6.786001 -0.52257092 0.17550789 0.046279972 0.21329507 0.30744044 420 0.4759127
f22983 7.797052 -0.41104801 0.20166133 0.059312155 0.45222625 0.60208814 420 0.4661933



2024-07-02 14:45:41 : Pairwise Test CTRL : Seqnames chrX

2024-07-02 14:45:41 : CTRL_chrX_scMaty, Class = dgCMatrix
CTRL_chrX_scMaty: nRows = 956, nCols = 840
CTRL_chrX_scMaty: NonZeroEntries = 162276, EntryRange = [ 0.045 , 43.586 ]
5 x 5 sparse Matrix of class "dgCMatrix"
     HEK#CCAGATAAGATCACCT-1 HEK#TTAGGTGGTTCCATCC-1 HEK#GAACCGCCATTCACGA-1 HEK#CAGTGCGAGATACCAA-1 HEK#GTCACAACAGTCAGCC-1
[1,]                      .                      .                  .                          .                      .
[2,]                      .                      .                  .                          .                      .
[3,]                      .                      .                  .                          .                      .
[4,]                      .                      .                  .                          .                      .
[5,]                      .                      .                  1.864                      .                      .



2024-07-02 14:45:41 : CTRL_chrX_diffResult, Class = data.frame
CTRL_chrX_diffResult: nRows = 956, nCols = 8
       log2Mean     log2FC        fdr       pval      mean1      mean2   n       auc
f23964 5.630361 0.09740186 0.45888637 0.28320393 0.11953804 0.11157854 420 0.5105187
f23965 5.395439 0.14263335 0.54699403 0.37171115 0.10278563 0.09288569 420 0.5090193
f23966 6.002882 0.73375130 0.04971685 0.01164914 0.18831667 0.11229283 420 0.5350454
f23967 5.750058 0.50931508 0.12304645 0.04092968 0.14814771 0.10337385 420 0.5234127
f23968 4.753551 0.86898960 0.47191630 0.29815633 0.08062383 0.04306667 420 0.5088946
f23969 4.649874 0.24626982 1.00000000 0.97755650 0.06248092 0.05230237 420 0.5002239


###########
2024-07-02 14:45:41 : Completed Pairwise Tests, 0.251 mins elapsed.
###########

------- Completed

End Time : 2024-07-02 14:45:41
Elapsed Time Minutes = 0.263519950707754
Elapsed Time Hours = 0.00439203500747681

-------



