
           ___      .______        ______  __    __  .______      
          /   \     |   _  \      /      ||  |  |  | |   _  \     
         /  ^  \    |  |_)  |    |  ,----'|  |__|  | |  |_)  |    
        /  /_\  \   |      /     |  |     |   __   | |      /     
       /  _____  \  |  |\  \\___ |  `----.|  |  |  | |  |\  \\___.
      /__/     \__\ | _| `._____| \______||__|  |__| | _| `._____|
    
Logging With ArchR!

Start Time : 2024-06-27 13:29:54

------- ArchR Info

ArchRThreads = 4
ArchRGenome = Hg38

------- System Info

Computer OS = unix
Total Cores = 10

------- Session Info

R version 4.2.2 (2022-10-31)
Platform: aarch64-apple-darwin20 (64-bit)
Running under: macOS 14.2.1

Matrix products: default
LAPACK: /Library/Frameworks/R.framework/Versions/4.2-arm64/Resources/lib/libRlapack.dylib

Random number generation:
 RNG:     L'Ecuyer-CMRG 
 Normal:  Inversion 
 Sample:  Rejection 
 
locale:
[1] en_US.UTF-8/en_US.UTF-8/en_US.UTF-8/C/en_US.UTF-8/en_US.UTF-8

attached base packages:
 [1] parallel  stats4    grid      stats     graphics  grDevices utils     datasets 
 [9] methods   base     

other attached packages:
 [1] circlize_0.4.16                   ComplexHeatmap_2.14.0            
 [3] presto_1.0.0                      nabor_0.5.0                      
 [5] Rsamtools_2.14.0                  BSgenome.Hsapiens.UCSC.hg38_1.4.5
 [7] BSgenome_1.66.3                   rtracklayer_1.58.0               
 [9] Biostrings_2.66.0                 XVector_0.38.0                   
[11] dplyr_1.1.3                       harmony_0.1.1                    
[13] Signac_1.10.0                     SeuratObject_4.1.3               
[15] Seurat_4.1.1.9001                 rhdf5_2.42.1                     
[17] SummarizedExperiment_1.28.0       Biobase_2.58.0                   
[19] MatrixGenerics_1.10.0             Rcpp_1.0.11                      
[21] Matrix_1.5-4.1                    GenomicRanges_1.50.2             
[23] GenomeInfoDb_1.34.9               IRanges_2.32.0                   
[25] S4Vectors_0.36.2                  BiocGenerics_0.44.0              
[27] matrixStats_1.0.0                 data.table_1.14.8                
[29] stringr_1.5.0                     plyr_1.8.8                       
[31] magrittr_2.0.3                    ggplot2_3.4.3                    
[33] gtable_0.3.4                      gtools_3.9.4                     
[35] gridExtra_2.3                     ArchR_1.0.2                      

loaded via a namespace (and not attached):
  [1] utf8_1.2.3               spatstat.explore_3.2-3   reticulate_1.32.0       
  [4] tidyselect_1.2.0         htmlwidgets_1.6.2        BiocParallel_1.32.6     
  [7] Rtsne_0.16               munsell_0.5.0            codetools_0.2-19        
 [10] ragg_1.2.5               ica_1.0-3                future_1.33.0           
 [13] miniUI_0.1.1.1           withr_2.5.0              spatstat.random_3.1-6   
 [16] colorspace_2.1-0         progressr_0.14.0         knitr_1.44              
 [19] rstudioapi_0.15.0        ROCR_1.0-11              tensor_1.5              
 [22] listenv_0.9.0            labeling_0.4.3           GenomeInfoDbData_1.2.9  
 [25] mnormt_2.1.1             polyclip_1.10-4          farver_2.1.1            
 [28] parallelly_1.36.0        vctrs_0.6.3              generics_0.1.3          
 [31] xfun_0.40                R6_2.5.1                 doParallel_1.0.17       
 [34] clue_0.3-65              bitops_1.0-7             rhdf5filters_1.10.1     
 [37] spatstat.utils_3.0-3     DelayedArray_0.24.0      promises_1.2.1          
 [40] BiocIO_1.8.0             scales_1.2.1             Cairo_1.6-1             
 [43] globals_0.16.2           goftest_1.2-3            rlang_1.1.1             
 [46] systemfonts_1.0.4        RcppRoll_0.3.0           GlobalOptions_0.1.2     
 [49] splines_4.2.2            lazyeval_0.2.2           spatstat.geom_3.2-5     
 [52] yaml_2.3.7               reshape2_1.4.4           abind_1.4-5             
 [55] httpuv_1.6.11            tools_4.2.2              psych_2.3.6             
 [58] ellipsis_0.3.2           RColorBrewer_1.1-3       ggridges_0.5.4          
 [61] zlibbioc_1.44.0          purrr_1.0.2              RCurl_1.98-1.12         
 [64] deldir_1.0-9             GetoptLong_1.0.5         pbapply_1.7-2           
 [67] cowplot_1.1.1            zoo_1.8-12               ggrepel_0.9.3           
 [70] cluster_2.1.4            RSpectra_0.16-1          scattermore_1.2         
 [73] lmtest_0.9-40            RANN_2.6.1               fitdistrplus_1.1-11     
 [76] patchwork_1.1.3          mime_0.12                evaluate_0.21           
 [79] xtable_1.8-4             XML_3.99-0.14            readxl_1.4.3            
 [82] shape_1.4.6              fastDummies_1.7.3        compiler_4.2.2          
 [85] tibble_3.2.1             KernSmooth_2.23-22       crayon_1.5.2            
 [88] htmltools_0.5.6          later_1.3.1              tidyr_1.3.0             
 [91] MASS_7.3-60              cli_3.6.1                igraph_1.5.1            
 [94] pkgconfig_2.0.3          GenomicAlignments_1.34.1 sp_2.0-0                
 [97] plotly_4.10.2            spatstat.sparse_3.0-2    foreach_1.5.2           
[100] digest_0.6.33            sctransform_0.3.5        RcppAnnoy_0.0.21        
[103] spatstat.data_3.0-1      rmarkdown_2.25           cellranger_1.1.0        
[106] leiden_0.4.3             fastmatch_1.1-4          uwot_0.1.16             
[109] restfulr_0.0.15          shiny_1.7.5              rjson_0.2.21            
[112] lifecycle_1.0.3          nlme_3.1-163             jsonlite_1.8.7          
[115] Rhdf5lib_1.20.0          viridisLite_0.4.2        fansi_1.0.4             
[118] pillar_1.9.0             lattice_0.21-8           fastmap_1.1.1           
[121] httr_1.4.7               survival_3.5-7           glue_1.6.2              
[124] iterators_1.0.14         png_0.1-8                stringi_1.7.12          
[127] textshaping_0.3.6        RcppHNSW_0.5.0           irlba_2.3.5.1           
[130] future.apply_1.11.0     


------- Log Info


2024-06-27 13:29:54 : markerHeatmap Input-Parameters, Class = list

markerHeatmap Input-Parameters$seMarker: length = 24919
class: SummarizedExperiment 
dim: 6 5 
metadata(2): MatchInfo Params
assays(7): Log2FC Mean ... AUC MeanBGD
rownames(6): 1 2 ... 5 6
rowData names(6): seqnames start ... name idx
colnames(5): CTRL KI36_1 KI36_2 KI36_3 KIA2
colData names(0):


markerHeatmap Input-Parameters$cutOff: length = 1
[1] "FDR <= 0.01 & Log2FC >= 1.25"


markerHeatmap Input-Parameters$log2Norm: length = 1
[1] TRUE


markerHeatmap Input-Parameters$scaleTo: length = 1
[1] 10000


markerHeatmap Input-Parameters$scaleRows: length = 1
[1] TRUE


markerHeatmap Input-Parameters$plotLog2FC: length = 1
[1] FALSE


markerHeatmap Input-Parameters$limits: length = 2
[1] -2  2


markerHeatmap Input-Parameters$grepExclude: length = 0
NULL


markerHeatmap Input-Parameters$pal: length = 0
NULL


markerHeatmap Input-Parameters$binaryClusterRows: length = 1
[1] TRUE


markerHeatmap Input-Parameters$clusterCols: length = 1
[1] TRUE


markerHeatmap Input-Parameters$subsetMarkers: length = 0
NULL


markerHeatmap Input-Parameters$labelMarkers: length = 0
NULL


markerHeatmap Input-Parameters$nLabel: length = 1
[1] 15


markerHeatmap Input-Parameters$nPrint: length = 1
[1] 15


markerHeatmap Input-Parameters$labelRows: length = 1
[1] FALSE


markerHeatmap Input-Parameters$returnMatrix: length = 1
[1] FALSE


markerHeatmap Input-Parameters$transpose: length = 1
[1] TRUE


markerHeatmap Input-Parameters$invert: length = 1
[1] FALSE


markerHeatmap Input-Parameters$logFile: length = 1
[1] "ArchRLogs/ArchR-plotMarkerHeatmap-5a36322048d-Date-2024-06-27_Time-13-29-54.log"



2024-06-27 13:29:54 : passMat, Class = matrix
 
2024-06-27 13:29:54 : passMat, Class = array
   CTRL KI36_1 KI36_2 KI36_3  KIA2
1 FALSE  FALSE  FALSE  FALSE FALSE
2 FALSE  FALSE  FALSE  FALSE FALSE
3 FALSE  FALSE  FALSE  FALSE FALSE
4 FALSE  FALSE  FALSE  FALSE  TRUE
5 FALSE  FALSE  FALSE  FALSE FALSE

passMat: nRows = 24919, nCols = 5


2024-06-27 13:29:54 : mat, Class = matrix
 
2024-06-27 13:29:54 : mat, Class = array
        CTRL     KI36_1      KI36_2     KI36_3       KIA2
1        NaN        NaN         NaN        NaN        NaN
2        NaN        NaN         NaN        NaN        NaN
3        NaN        NaN         NaN        NaN        NaN
4 -0.7678329 -0.3787849 -0.98565872  1.1713280  0.9609486
5 -1.2569952  1.5307469  0.09235148 -0.2078769 -0.1582262

mat: nRows = 24919, nCols = 5


2024-06-27 13:29:54 : mat-plot, Class = matrix
 
2024-06-27 13:29:54 : mat-plot, Class = array
                   CTRL     KI36_1     KI36_2     KI36_3      KIA2
FAM87B       -0.7678329 -0.3787849 -0.9856587  1.1713280 0.9609486
MIR6728       0.4857926 -0.9047426 -1.1841774  0.4422857 1.1608418
LOC100506801 -0.1901011 -0.6628667 -0.1993380 -0.6844378 1.7367436
LYPLA2       -0.3727862 -0.1701307 -0.2807711 -0.8946824 1.7183704
CIART         0.5085968 -0.8463585 -0.6178131 -0.5678587 1.5234336

mat-plot: nRows = 691, nCols = 5


------- Completed

End Time : 2024-06-27 13:29:54
Elapsed Time Minutes = 0.011884081363678
Elapsed Time Hours = 0.000198100010553996

-------



